Using pre-set license
Built from '2021.3/staging' branch; Version is '2021.3.11f1 (0a5ca18544bf) revision 679073'; Using compiler version '192829333'; Build Type 'Release'
OS: 'Windows 10  (10.0.19044) 64bit Education' Language: 'ko' Physical Memory: 16315 MB
BatchMode: 1, IsHumanControllingUs: 0, StartBugReporterOnCrash: 0, Is64bit: 1, IsPro: 1

COMMAND LINE ARGUMENTS:
C:\Program Files\Unity\Hub\Editor\2021.3.11f1\Editor\Unity.exe
-adb2
-batchMode
-noUpm
-name
AssetImportWorker0
-projectPath
C:/Users/조성택/Documents/GitHub/Watch-out-for-the-car/Watch-out-for-the-car
-logFile
Logs/AssetImportWorker0.log
-srvPort
9717
Successfully changed project path to: C:/Users/조성택/Documents/GitHub/Watch-out-for-the-car/Watch-out-for-the-car
C:/Users/조성택/Documents/GitHub/Watch-out-for-the-car/Watch-out-for-the-car
[UnityMemory] Configuration Parameters - Can be set up in boot.config
    "memorysetup-bucket-allocator-granularity=16"
    "memorysetup-bucket-allocator-bucket-count=8"
    "memorysetup-bucket-allocator-block-size=33554432"
    "memorysetup-bucket-allocator-block-count=8"
    "memorysetup-main-allocator-block-size=16777216"
    "memorysetup-thread-allocator-block-size=16777216"
    "memorysetup-gfx-main-allocator-block-size=16777216"
    "memorysetup-gfx-thread-allocator-block-size=16777216"
    "memorysetup-cache-allocator-block-size=4194304"
    "memorysetup-typetree-allocator-block-size=2097152"
    "memorysetup-profiler-bucket-allocator-granularity=16"
    "memorysetup-profiler-bucket-allocator-bucket-count=8"
    "memorysetup-profiler-bucket-allocator-block-size=33554432"
    "memorysetup-profiler-bucket-allocator-block-count=8"
    "memorysetup-profiler-allocator-block-size=16777216"
    "memorysetup-profiler-editor-allocator-block-size=1048576"
    "memorysetup-temp-allocator-size-main=16777216"
    "memorysetup-job-temp-allocator-block-size=2097152"
    "memorysetup-job-temp-allocator-block-size-background=1048576"
    "memorysetup-job-temp-allocator-reduction-small-platforms=262144"
    "memorysetup-temp-allocator-size-background-worker=32768"
    "memorysetup-temp-allocator-size-job-worker=262144"
    "memorysetup-temp-allocator-size-preload-manager=33554432"
    "memorysetup-temp-allocator-size-nav-mesh-worker=65536"
    "memorysetup-temp-allocator-size-audio-worker=65536"
    "memorysetup-temp-allocator-size-cloud-worker=32768"
    "memorysetup-temp-allocator-size-gi-baking-worker=262144"
    "memorysetup-temp-allocator-size-gfx=262144"
Refreshing native plugins compatible for Editor in 81.28 ms, found 3 plugins.
Preloading 0 native plugins for Editor in 0.00 ms.
Initialize engine version: 2021.3.11f1 (0a5ca18544bf)
[Subsystems] Discovering subsystems at path C:/Program Files/Unity/Hub/Editor/2021.3.11f1/Editor/Data/Resources/UnitySubsystems
[Subsystems] Discovering subsystems at path C:/Users/조성택/Documents/GitHub/Watch-out-for-the-car/Watch-out-for-the-car/Assets
GfxDevice: creating device client; threaded=0; jobified=0
Direct3D:
    Version:  Direct3D 11.0 [level 11.1]
    Renderer: NVIDIA GeForce GTX 1660 SUPER (ID=0x21c4)
    Vendor:   NVIDIA
    VRAM:     5991 MB
    Driver:   31.0.15.1694
Initialize mono
Mono path[0] = 'C:/Program Files/Unity/Hub/Editor/2021.3.11f1/Editor/Data/Managed'
Mono path[1] = 'C:/Program Files/Unity/Hub/Editor/2021.3.11f1/Editor/Data/MonoBleedingEdge/lib/mono/unityjit-win32'
Mono config path = 'C:/Program Files/Unity/Hub/Editor/2021.3.11f1/Editor/Data/MonoBleedingEdge/etc'
Using monoOptions --debugger-agent=transport=dt_socket,embedding=1,server=y,suspend=n,address=127.0.0.1:56056
Begin MonoManager ReloadAssembly
Registering precompiled unity dll's ...
Register platform support module: C:/Program Files/Unity/Hub/Editor/2021.3.11f1/Editor/Data/PlaybackEngines/WebGLSupport/UnityEditor.WebGL.Extensions.dll
Register platform support module: C:/Program Files/Unity/Hub/Editor/2021.3.11f1/Editor/Data/PlaybackEngines/WindowsStandaloneSupport/UnityEditor.WindowsStandalone.Extensions.dll
Registered in 0.010332 seconds.
Native extension for WindowsStandalone target not found
Native extension for WebGL target not found
Refreshing native plugins compatible for Editor in 79.82 ms, found 3 plugins.
Preloading 0 native plugins for Editor in 0.00 ms.
Mono: successfully reloaded assembly
- Completed reload, in  0.607 seconds
Domain Reload Profiling:
	ReloadAssembly (607ms)
		BeginReloadAssembly (79ms)
			ExecutionOrderSort (0ms)
			DisableScriptedObjects (0ms)
			BackupInstance (0ms)
			ReleaseScriptingObjects (0ms)
			CreateAndSetChildDomain (1ms)
		EndReloadAssembly (415ms)
			LoadAssemblies (76ms)
			RebuildTransferFunctionScriptingTraits (0ms)
			SetupTypeCache (96ms)
			ReleaseScriptCaches (0ms)
			RebuildScriptCaches (24ms)
			SetupLoadedEditorAssemblies (246ms)
				LogAssemblyErrors (0ms)
				InitializePlatformSupportModulesInManaged (10ms)
				SetLoadedEditorAssemblies (0ms)
				RefreshPlugins (80ms)
				BeforeProcessingInitializeOnLoad (1ms)
				ProcessInitializeOnLoadAttributes (111ms)
				ProcessInitializeOnLoadMethodAttributes (44ms)
				AfterProcessingInitializeOnLoad (0ms)
				EditorAssembliesLoaded (0ms)
			ExecutionOrderSort2 (0ms)
			AwakeInstancesAfterBackupRestoration (0ms)
Platform modules already initialized, skipping
Registering precompiled user dll's ...
Registered in 0.008994 seconds.
Begin MonoManager ReloadAssembly
Symbol file LoadedFromMemory doesn't match image C:\Users\조성택\Documents\GitHub\Watch-out-for-the-car\Watch-out-for-the-car\Library\PackageCache\com.unity.visualscripting@1.7.8\Editor\VisualScripting.Core\Dependencies\YamlDotNet\Unity.VisualScripting.YamlDotNet.dll
Symbol file LoadedFromMemory doesn't match image C:\Users\조성택\Documents\GitHub\Watch-out-for-the-car\Watch-out-for-the-car\Library\PackageCache\com.unity.visualscripting@1.7.8\Editor\VisualScripting.Core\Dependencies\DotNetZip\Unity.VisualScripting.IonicZip.dll
Native extension for WindowsStandalone target not found
Native extension for WebGL target not found
Refreshing native plugins compatible for Editor in 0.67 ms, found 3 plugins.
Preloading 0 native plugins for Editor in 0.00 ms.
Mono: successfully reloaded assembly
- Completed reload, in  1.004 seconds
Domain Reload Profiling:
	ReloadAssembly (1005ms)
		BeginReloadAssembly (123ms)
			ExecutionOrderSort (0ms)
			DisableScriptedObjects (5ms)
			BackupInstance (0ms)
			ReleaseScriptingObjects (0ms)
			CreateAndSetChildDomain (19ms)
		EndReloadAssembly (761ms)
			LoadAssemblies (101ms)
			RebuildTransferFunctionScriptingTraits (0ms)
			SetupTypeCache (239ms)
			ReleaseScriptCaches (1ms)
			RebuildScriptCaches (44ms)
			SetupLoadedEditorAssemblies (349ms)
				LogAssemblyErrors (0ms)
				InitializePlatformSupportModulesInManaged (8ms)
				SetLoadedEditorAssemblies (0ms)
				RefreshPlugins (1ms)
				BeforeProcessingInitializeOnLoad (92ms)
				ProcessInitializeOnLoadAttributes (208ms)
				ProcessInitializeOnLoadMethodAttributes (26ms)
				AfterProcessingInitializeOnLoad (13ms)
				EditorAssembliesLoaded (0ms)
			ExecutionOrderSort2 (0ms)
			AwakeInstancesAfterBackupRestoration (11ms)
Platform modules already initialized, skipping
========================================================================
Worker process is ready to serve import requests
Launched and connected shader compiler UnityShaderCompiler.exe after 0.07 seconds
Refreshing native plugins compatible for Editor in 0.73 ms, found 3 plugins.
Preloading 0 native plugins for Editor in 0.00 ms.
Unloading 3383 Unused Serialized files (Serialized files now loaded: 0)
Unloading 27 unused Assets / (114.6 KB). Loaded Objects now: 3841.
Memory consumption went from 118.7 MB to 118.6 MB.
Total: 3.197600 ms (FindLiveObjects: 0.424400 ms CreateObjectMapping: 0.096900 ms MarkObjects: 2.523400 ms  DeleteObjects: 0.151800 ms)

AssetImportParameters requested are different than current active one (requested -> active):
  custom:video-decoder-ogg-theora: a1e56fd34408186e4bbccfd4996cb3dc -> 
  custom:container-muxer-webm: aa71ff27fc2769a1b78a27578f13a17b -> 
  custom:container-demuxer-webm: 4f35f7cbe854078d1ac9338744f61a02 -> 
  custom:video-encoder-webm-vp8: eb34c28f22e8b96e1ab97ce403110664 -> 
  custom:audio-encoder-webm-vorbis: bf7c407c2cedff20999df2af8eb42d56 -> 
  custom:framework-win-MediaFoundation: 216162199b28c13a410421893ffa2e32 -> 
  custom:container-demuxer-ogg: 62fdf1f143b41e24485cea50d1cbac27 -> 
  custom:video-decoder-webm-vp8: 9c59270c3fd7afecdb556c50c9e8de78 -> 
  custom:audio-decoder-ogg-vorbis: bf7c407c2cedff20999df2af8eb42d56 -> 
========================================================================
Received Import Request.
  Time since last request: 257934.529032 seconds.
  path: Assets/Meshtint Free Car 01 Mega Toon Series/FBX/MT Car 01@Turn Left In Place.FBX
  artifactKey: Guid(98f3d70c52066944a9810ab4397d1a0f) Importer(815301076,1909f56bfc062723c751e8b465ee728b)
Start importing Assets/Meshtint Free Car 01 Mega Toon Series/FBX/MT Car 01@Turn Left In Place.FBX using Guid(98f3d70c52066944a9810ab4397d1a0f) Importer(815301076,1909f56bfc062723c751e8b465ee728b)  -> (artifact id: '35c88cd756a28e27b319112d536b8c29') in 0.234222 seconds 
========================================================================
Received Import Request.
  Time since last request: 0.000026 seconds.
  path: Assets/Meshtint Free Car 01 Mega Toon Series/FBX/MT Car 01@Idle.FBX
  artifactKey: Guid(a04ac45e0e1d67049a8c04bf88534fb6) Importer(815301076,1909f56bfc062723c751e8b465ee728b)
Start importing Assets/Meshtint Free Car 01 Mega Toon Series/FBX/MT Car 01@Idle.FBX using Guid(a04ac45e0e1d67049a8c04bf88534fb6) Importer(815301076,1909f56bfc062723c751e8b465ee728b)  -> (artifact id: '469d525e40a4a7a419916c1417dc758f') in 0.036584 seconds 
========================================================================
Received Import Request.
  Time since last request: 0.000034 seconds.
  path: Assets/Meshtint Free Car 01 Mega Toon Series/FBX/MT Car 01@Move Backward In Place.FBX
  artifactKey: Guid(68381d2a81f899343bd0ba9e6b3acecb) Importer(815301076,1909f56bfc062723c751e8b465ee728b)
Start importing Assets/Meshtint Free Car 01 Mega Toon Series/FBX/MT Car 01@Move Backward In Place.FBX using Guid(68381d2a81f899343bd0ba9e6b3acecb) Importer(815301076,1909f56bfc062723c751e8b465ee728b)  -> (artifact id: '589f14cd7e5b6eca6f86040e242bfc76') in 0.041434 seconds 
========================================================================
Received Import Request.
  Time since last request: 0.000017 seconds.
  path: Assets/Meshtint Free Car 01 Mega Toon Series/FBX/MT Car 01@Turn Right In Place.FBX
  artifactKey: Guid(151aa68a0ef8ce04f99692034bd35fdd) Importer(815301076,1909f56bfc062723c751e8b465ee728b)
Start importing Assets/Meshtint Free Car 01 Mega Toon Series/FBX/MT Car 01@Turn Right In Place.FBX using Guid(151aa68a0ef8ce04f99692034bd35fdd) Importer(815301076,1909f56bfc062723c751e8b465ee728b)  -> (artifact id: 'a4754d79444759e6dee96fd554c7a5ad') in 0.028643 seconds 
========================================================================
Received Import Request.
  Time since last request: 0.000018 seconds.
  path: Assets/Meshtint Free Car 01 Mega Toon Series/FBX/MT Car 01.FBX
  artifactKey: Guid(80284d47f5860274aa0dff0f49e7cdb1) Importer(815301076,1909f56bfc062723c751e8b465ee728b)
Start importing Assets/Meshtint Free Car 01 Mega Toon Series/FBX/MT Car 01.FBX using Guid(80284d47f5860274aa0dff0f49e7cdb1) Importer(815301076,1909f56bfc062723c751e8b465ee728b)  -> (artifact id: '3aada37297b6840babf5c31570a4abf9') in 0.028944 seconds 
========================================================================
Received Import Request.
  Time since last request: 0.000017 seconds.
  path: Assets/Meshtint Free Car 01 Mega Toon Series/FBX/MT Car 01@Move Forward In Place.FBX
  artifactKey: Guid(1990a6b8b78468d448238d0a30e6a31d) Importer(815301076,1909f56bfc062723c751e8b465ee728b)
Start importing Assets/Meshtint Free Car 01 Mega Toon Series/FBX/MT Car 01@Move Forward In Place.FBX using Guid(1990a6b8b78468d448238d0a30e6a31d) Importer(815301076,1909f56bfc062723c751e8b465ee728b)  -> (artifact id: '8a4d84070fe04bf293be7d7293d881f1') in 0.025705 seconds 
========================================================================
Received Prepare
Registering precompiled user dll's ...
Registered in 0.008746 seconds.
Begin MonoManager ReloadAssembly
Symbol file LoadedFromMemory doesn't match image C:\Users\조성택\Documents\GitHub\Watch-out-for-the-car\Watch-out-for-the-car\Library\PackageCache\com.unity.visualscripting@1.7.8\Editor\VisualScripting.Core\Dependencies\YamlDotNet\Unity.VisualScripting.YamlDotNet.dll
Symbol file LoadedFromMemory doesn't match image C:\Users\조성택\Documents\GitHub\Watch-out-for-the-car\Watch-out-for-the-car\Library\PackageCache\com.unity.visualscripting@1.7.8\Editor\VisualScripting.Core\Dependencies\DotNetZip\Unity.VisualScripting.IonicZip.dll
Native extension for WindowsStandalone target not found
Native extension for WebGL target not found
Refreshing native plugins compatible for Editor in 1.22 ms, found 3 plugins.
Preloading 0 native plugins for Editor in 0.00 ms.
Mono: successfully reloaded assembly
- Completed reload, in  1.105 seconds
Domain Reload Profiling:
	ReloadAssembly (1105ms)
		BeginReloadAssembly (159ms)
			ExecutionOrderSort (0ms)
			DisableScriptedObjects (4ms)
			BackupInstance (0ms)
			ReleaseScriptingObjects (0ms)
			CreateAndSetChildDomain (40ms)
		EndReloadAssembly (822ms)
			LoadAssemblies (115ms)
			RebuildTransferFunctionScriptingTraits (0ms)
			SetupTypeCache (271ms)
			ReleaseScriptCaches (1ms)
			RebuildScriptCaches (43ms)
			SetupLoadedEditorAssemblies (354ms)
				LogAssemblyErrors (0ms)
				InitializePlatformSupportModulesInManaged (17ms)
				SetLoadedEditorAssemblies (1ms)
				RefreshPlugins (1ms)
				BeforeProcessingInitializeOnLoad (80ms)
				ProcessInitializeOnLoadAttributes (206ms)
				ProcessInitializeOnLoadMethodAttributes (34ms)
				AfterProcessingInitializeOnLoad (14ms)
				EditorAssembliesLoaded (0ms)
			ExecutionOrderSort2 (0ms)
			AwakeInstancesAfterBackupRestoration (11ms)
Platform modules already initialized, skipping
Refreshing native plugins compatible for Editor in 2.77 ms, found 3 plugins.
Preloading 0 native plugins for Editor in 0.00 ms.
Unloading 3376 Unused Serialized files (Serialized files now loaded: 0)
Unloading 20 unused Assets / (81.2 KB). Loaded Objects now: 3889.
Memory consumption went from 135.8 MB to 135.7 MB.
Total: 3.019600 ms (FindLiveObjects: 0.383300 ms CreateObjectMapping: 0.087300 ms MarkObjects: 2.441900 ms  DeleteObjects: 0.106000 ms)

AssetImportParameters requested are different than current active one (requested -> active):
  custom:video-decoder-ogg-theora: a1e56fd34408186e4bbccfd4996cb3dc -> 
  custom:container-muxer-webm: aa71ff27fc2769a1b78a27578f13a17b -> 
  custom:container-demuxer-webm: 4f35f7cbe854078d1ac9338744f61a02 -> 
  custom:video-encoder-webm-vp8: eb34c28f22e8b96e1ab97ce403110664 -> 
  custom:audio-encoder-webm-vorbis: bf7c407c2cedff20999df2af8eb42d56 -> 
  custom:framework-win-MediaFoundation: 216162199b28c13a410421893ffa2e32 -> 
  custom:container-demuxer-ogg: 62fdf1f143b41e24485cea50d1cbac27 -> 
  custom:video-decoder-webm-vp8: 9c59270c3fd7afecdb556c50c9e8de78 -> 
  custom:audio-decoder-ogg-vorbis: bf7c407c2cedff20999df2af8eb42d56 -> 
========================================================================
Received Import Request.
  Time since last request: 16.782230 seconds.
  path: Assets/Decorations/bench_1_v_1.fbx
  artifactKey: Guid(0765c890073ff194f939b8df69c96520) Importer(815301076,1909f56bfc062723c751e8b465ee728b)
Start importing Assets/Decorations/bench_1_v_1.fbx using Guid(0765c890073ff194f939b8df69c96520) Importer(815301076,1909f56bfc062723c751e8b465ee728b)  -> (artifact id: 'e67c9196b67e5a9aad908095e604c6f3') in 0.180067 seconds 
========================================================================
Received Import Request.
  Time since last request: 0.000016 seconds.
  path: Assets/Decorations/car_blue.fbx
  artifactKey: Guid(98b8e61a42070a540a048a44e550f812) Importer(815301076,1909f56bfc062723c751e8b465ee728b)
Start importing Assets/Decorations/car_blue.fbx using Guid(98b8e61a42070a540a048a44e550f812) Importer(815301076,1909f56bfc062723c751e8b465ee728b)  -> (artifact id: '71ec6b079f766e799c084cf84adc2a0e') in 0.021914 seconds 
========================================================================
Received Import Request.
  Time since last request: 0.000020 seconds.
  path: Assets/Decorations/road_intersection_X 1.fbx
  artifactKey: Guid(30b62ebb1b2c74445adf93ec7865cfdb) Importer(815301076,1909f56bfc062723c751e8b465ee728b)
Start importing Assets/Decorations/road_intersection_X 1.fbx using Guid(30b62ebb1b2c74445adf93ec7865cfdb) Importer(815301076,1909f56bfc062723c751e8b465ee728b)  -> (artifact id: 'd1a969bea68c5a90ae7950706114132d') in 0.018987 seconds 
========================================================================
Received Import Request.
  Time since last request: 0.000023 seconds.
  path: Assets/Decorations/sign_1.003.fbx
  artifactKey: Guid(153f4f1a90ebcdc4ea8eabffcc10de17) Importer(815301076,1909f56bfc062723c751e8b465ee728b)
Start importing Assets/Decorations/sign_1.003.fbx using Guid(153f4f1a90ebcdc4ea8eabffcc10de17) Importer(815301076,1909f56bfc062723c751e8b465ee728b)  -> (artifact id: '8e4380aebb4b3c232ea1bb2b8cafeed3') in 0.018034 seconds 
========================================================================
Received Import Request.
  Time since last request: 0.000017 seconds.
  path: Assets/Decorations/road_v_3.fbx
  artifactKey: Guid(0cb0dc0a38702cb499cce153d520c3f5) Importer(815301076,1909f56bfc062723c751e8b465ee728b)
Start importing Assets/Decorations/road_v_3.fbx using Guid(0cb0dc0a38702cb499cce153d520c3f5) Importer(815301076,1909f56bfc062723c751e8b465ee728b)  -> (artifact id: '8f934c43bc3c6d7742d6305906ca4470') in 0.025327 seconds 
========================================================================
Received Import Request.
  Time since last request: 0.000022 seconds.
  path: Assets/Decorations/fence_2.fbx
  artifactKey: Guid(c31d491304d6f444ab1c77751822a980) Importer(815301076,1909f56bfc062723c751e8b465ee728b)
Start importing Assets/Decorations/fence_2.fbx using Guid(c31d491304d6f444ab1c77751822a980) Importer(815301076,1909f56bfc062723c751e8b465ee728b)  -> (artifact id: 'e121c36ba71baac3c8a8bf2c27ab8308') in 0.020335 seconds 
========================================================================
Received Import Request.
  Time since last request: 0.000017 seconds.
  path: Assets/Decorations/road_v_5.fbx
  artifactKey: Guid(33993229e0b9e1e438449cfb1a82a91a) Importer(815301076,1909f56bfc062723c751e8b465ee728b)
Start importing Assets/Decorations/road_v_5.fbx using Guid(33993229e0b9e1e438449cfb1a82a91a) Importer(815301076,1909f56bfc062723c751e8b465ee728b)  -> (artifact id: '2df2fc4ff8c0ddcd346ba80cf018ef31') in 0.020070 seconds 
========================================================================
Received Import Request.
  Time since last request: 0.000021 seconds.
  path: Assets/Decorations/car_green.fbx
  artifactKey: Guid(d5b6d350b0446fd4bb81980150a0507e) Importer(815301076,1909f56bfc062723c751e8b465ee728b)
Start importing Assets/Decorations/car_green.fbx using Guid(d5b6d350b0446fd4bb81980150a0507e) Importer(815301076,1909f56bfc062723c751e8b465ee728b)  -> (artifact id: '3240234f7c48b11a05aa51458a0fea96') in 0.017623 seconds 
========================================================================
Received Import Request.
  Time since last request: 0.000015 seconds.
  path: Assets/Decorations/road_v_4.fbx
  artifactKey: Guid(bd904bf06fb40e4478bb82e9df00079b) Importer(815301076,1909f56bfc062723c751e8b465ee728b)
Start importing Assets/Decorations/road_v_4.fbx using Guid(bd904bf06fb40e4478bb82e9df00079b) Importer(815301076,1909f56bfc062723c751e8b465ee728b)  -> (artifact id: '9d414305df20663c6f4634a0b3866ffd') in 0.023823 seconds 
========================================================================
Received Import Request.
  Time since last request: 0.000022 seconds.
  path: Assets/Decorations/tree_2.fbx
  artifactKey: Guid(1f1d790200b479d44b71528a4d59cf95) Importer(815301076,1909f56bfc062723c751e8b465ee728b)
Start importing Assets/Decorations/tree_2.fbx using Guid(1f1d790200b479d44b71528a4d59cf95) Importer(815301076,1909f56bfc062723c751e8b465ee728b)  -> (artifact id: '863e58de8c3514d45404fdf74886849f') in 0.017489 seconds 
========================================================================
Received Import Request.
  Time since last request: 0.000017 seconds.
  path: Assets/Decorations/tree_4.fbx
  artifactKey: Guid(eb1cfc8303f4f584c8f43c4af9226acd) Importer(815301076,1909f56bfc062723c751e8b465ee728b)
Start importing Assets/Decorations/tree_4.fbx using Guid(eb1cfc8303f4f584c8f43c4af9226acd) Importer(815301076,1909f56bfc062723c751e8b465ee728b)  -> (artifact id: '14adaf6cb78ab01b30e3a173c65c8d9a') in 0.025887 seconds 
========================================================================
Received Import Request.
  Time since last request: 0.000024 seconds.
  path: Assets/Decorations/car_red.fbx
  artifactKey: Guid(39d371fa45fd6c146bb29d40fb1a764f) Importer(815301076,1909f56bfc062723c751e8b465ee728b)
Start importing Assets/Decorations/car_red.fbx using Guid(39d371fa45fd6c146bb29d40fb1a764f) Importer(815301076,1909f56bfc062723c751e8b465ee728b)  -> (artifact id: 'fd42cdb312dfb7d8f4eac841771c3d83') in 0.021067 seconds 
========================================================================
Received Import Request.
  Time since last request: 0.000026 seconds.
  path: Assets/Decorations/sign_1.004.fbx
  artifactKey: Guid(8b54eecba4ddca440adffcc154a19ab1) Importer(815301076,1909f56bfc062723c751e8b465ee728b)
Start importing Assets/Decorations/sign_1.004.fbx using Guid(8b54eecba4ddca440adffcc154a19ab1) Importer(815301076,1909f56bfc062723c751e8b465ee728b)  -> (artifact id: 'f1b41cd7e9531a8e2c1464c15baadf17') in 0.017293 seconds 
========================================================================
Received Import Request.
  Time since last request: 0.000027 seconds.
  path: Assets/Decorations/sign_1.fbx
  artifactKey: Guid(c61fd44c19fb00d48b75167934722233) Importer(815301076,1909f56bfc062723c751e8b465ee728b)
Start importing Assets/Decorations/sign_1.fbx using Guid(c61fd44c19fb00d48b75167934722233) Importer(815301076,1909f56bfc062723c751e8b465ee728b)  -> (artifact id: '21de12bbe2c253984562dc8b00fb7ca0') in 0.020279 seconds 
========================================================================
Received Import Request.
  Time since last request: 0.000021 seconds.
  path: Assets/Decorations/bench_2_v_3.fbx
  artifactKey: Guid(8d099d309566e4d4fabf0a167d269e1d) Importer(815301076,1909f56bfc062723c751e8b465ee728b)
Start importing Assets/Decorations/bench_2_v_3.fbx using Guid(8d099d309566e4d4fabf0a167d269e1d) Importer(815301076,1909f56bfc062723c751e8b465ee728b)  -> (artifact id: '2a1cfbb0a76895202d13ae35cf249030') in 0.018659 seconds 
========================================================================
Received Import Request.
  Time since last request: 0.000019 seconds.
  path: Assets/Decorations/bench_1_v_2.fbx
  artifactKey: Guid(119998b4b71309b4797177897219b79c) Importer(815301076,1909f56bfc062723c751e8b465ee728b)
Start importing Assets/Decorations/bench_1_v_2.fbx using Guid(119998b4b71309b4797177897219b79c) Importer(815301076,1909f56bfc062723c751e8b465ee728b)  -> (artifact id: '73afba52a906912b90c8cd63ac941ea5') in 0.017011 seconds 
========================================================================
Received Import Request.
  Time since last request: 0.000017 seconds.
  path: Assets/Decorations/bench_2_v_1.fbx
  artifactKey: Guid(3e3850fd8012e494fae8f1ef444dc2e2) Importer(815301076,1909f56bfc062723c751e8b465ee728b)
Start importing Assets/Decorations/bench_2_v_1.fbx using Guid(3e3850fd8012e494fae8f1ef444dc2e2) Importer(815301076,1909f56bfc062723c751e8b465ee728b)  -> (artifact id: '34ff1b2adccab4b66cdd5ef6153e89f2') in 0.019383 seconds 
========================================================================
Received Import Request.
  Time since last request: 0.000020 seconds.
  path: Assets/Decorations/fence_1.fbx
  artifactKey: Guid(6e784e826a7585a4e9c64aa527741c45) Importer(815301076,1909f56bfc062723c751e8b465ee728b)
Start importing Assets/Decorations/fence_1.fbx using Guid(6e784e826a7585a4e9c64aa527741c45) Importer(815301076,1909f56bfc062723c751e8b465ee728b)  -> (artifact id: '5138deb04a3555c33d4152f2673af4fa') in 0.018583 seconds 
========================================================================
Received Import Request.
  Time since last request: 0.000017 seconds.
  path: Assets/Decorations/road_stop.fbx
  artifactKey: Guid(bc014c26716b82a4dba4ae3c3bbf1d0b) Importer(815301076,1909f56bfc062723c751e8b465ee728b)
Start importing Assets/Decorations/road_stop.fbx using Guid(bc014c26716b82a4dba4ae3c3bbf1d0b) Importer(815301076,1909f56bfc062723c751e8b465ee728b)  -> (artifact id: 'c28f4d17e84bb459982820cd5e776e19') in 0.018161 seconds 
========================================================================
Received Import Request.
  Time since last request: 0.000015 seconds.
  path: Assets/Decorations/sign_1.002.fbx
  artifactKey: Guid(dcb918f8d55b65f4f99583e56734aa7a) Importer(815301076,1909f56bfc062723c751e8b465ee728b)
Start importing Assets/Decorations/sign_1.002.fbx using Guid(dcb918f8d55b65f4f99583e56734aa7a) Importer(815301076,1909f56bfc062723c751e8b465ee728b)  -> (artifact id: '0e83f9de91066349bbf8d6fef9e498e4') in 0.021038 seconds 
========================================================================
Received Import Request.
  Time since last request: 0.000020 seconds.
  path: Assets/Decorations/sign_1.001.fbx
  artifactKey: Guid(0e5313c4b8d103e47a29f098e236d140) Importer(815301076,1909f56bfc062723c751e8b465ee728b)
Start importing Assets/Decorations/sign_1.001.fbx using Guid(0e5313c4b8d103e47a29f098e236d140) Importer(815301076,1909f56bfc062723c751e8b465ee728b)  -> (artifact id: 'd41f20052f92eb262beee145047c63aa') in 0.018205 seconds 
========================================================================
Received Import Request.
  Time since last request: 0.000021 seconds.
  path: Assets/Decorations/bench_2_v_2.fbx
  artifactKey: Guid(ccc418124eae89c46bfbf5ab529e24a5) Importer(815301076,1909f56bfc062723c751e8b465ee728b)
Start importing Assets/Decorations/bench_2_v_2.fbx using Guid(ccc418124eae89c46bfbf5ab529e24a5) Importer(815301076,1909f56bfc062723c751e8b465ee728b)  -> (artifact id: '5590e0621cc0ebf2cd2ddf85616f89dc') in 0.017338 seconds 
========================================================================
Received Import Request.
  Time since last request: 0.000020 seconds.
  path: Assets/Decorations/tree_6.fbx
  artifactKey: Guid(1c4a01c675c9bad4f866874a3de82730) Importer(815301076,1909f56bfc062723c751e8b465ee728b)
Start importing Assets/Decorations/tree_6.fbx using Guid(1c4a01c675c9bad4f866874a3de82730) Importer(815301076,1909f56bfc062723c751e8b465ee728b)  -> (artifact id: 'a63c67e0ca7cbd4ab4b577cf7ac26718') in 0.020216 seconds 
========================================================================
Received Import Request.
  Time since last request: 0.000025 seconds.
  path: Assets/Decorations/tree_5.fbx
  artifactKey: Guid(a85384746d57ef7429c0b6665941555c) Importer(815301076,1909f56bfc062723c751e8b465ee728b)
Start importing Assets/Decorations/tree_5.fbx using Guid(a85384746d57ef7429c0b6665941555c) Importer(815301076,1909f56bfc062723c751e8b465ee728b)  -> (artifact id: '12a910c6b76c52c09c971fd35cb4f187') in 0.023779 seconds 
========================================================================
Received Import Request.
  Time since last request: 0.000025 seconds.
  path: Assets/Decorations/road_v_2.fbx
  artifactKey: Guid(cb9a2a7a5af1c264f906dc5d6ef863c5) Importer(815301076,1909f56bfc062723c751e8b465ee728b)
Start importing Assets/Decorations/road_v_2.fbx using Guid(cb9a2a7a5af1c264f906dc5d6ef863c5) Importer(815301076,1909f56bfc062723c751e8b465ee728b)  -> (artifact id: 'e4068ac50fb157f631983421d89cc551') in 0.021682 seconds 
========================================================================
Received Import Request.
  Time since last request: 0.000017 seconds.
  path: Assets/Decorations/street_lamp_3.fbx
  artifactKey: Guid(0a4e70f10d5ae9643878997861cd8b80) Importer(815301076,1909f56bfc062723c751e8b465ee728b)
Start importing Assets/Decorations/street_lamp_3.fbx using Guid(0a4e70f10d5ae9643878997861cd8b80) Importer(815301076,1909f56bfc062723c751e8b465ee728b)  -> (artifact id: 'cb866a7e6a835d10b97f65af00a65412') in 0.020858 seconds 
========================================================================
Received Import Request.
  Time since last request: 0.000018 seconds.
  path: Assets/Decorations/road_v_1.fbx
  artifactKey: Guid(e76f46822b86040409282562a85ce324) Importer(815301076,1909f56bfc062723c751e8b465ee728b)
Start importing Assets/Decorations/road_v_1.fbx using Guid(e76f46822b86040409282562a85ce324) Importer(815301076,1909f56bfc062723c751e8b465ee728b)  -> (artifact id: 'f34b6723fbd408d1599c12f012dc476d') in 0.021552 seconds 
========================================================================
Received Import Request.
  Time since last request: 0.000018 seconds.
  path: Assets/Decorations/road_intersection_T.fbx
  artifactKey: Guid(8bcfdd1caed6d2a488dcdc220b13f8cb) Importer(815301076,1909f56bfc062723c751e8b465ee728b)
Start importing Assets/Decorations/road_intersection_T.fbx using Guid(8bcfdd1caed6d2a488dcdc220b13f8cb) Importer(815301076,1909f56bfc062723c751e8b465ee728b)  -> (artifact id: 'eee351ec02c26269e61d432aba7981ef') in 0.020126 seconds 
========================================================================
Received Import Request.
  Time since last request: 0.000017 seconds.
  path: Assets/Decorations/road_intersection_X.fbx
  artifactKey: Guid(9ece6282cbf2b43409be328c6433c4e4) Importer(815301076,1909f56bfc062723c751e8b465ee728b)
Start importing Assets/Decorations/road_intersection_X.fbx using Guid(9ece6282cbf2b43409be328c6433c4e4) Importer(815301076,1909f56bfc062723c751e8b465ee728b)  -> (artifact id: 'c59bde93ea639429c429aed56fd69ec2') in 0.019333 seconds 
========================================================================
Received Import Request.
  Time since last request: 0.000029 seconds.
  path: Assets/Decorations/tree_3.fbx
  artifactKey: Guid(d7c673489ae779f4981703d07a67fa6d) Importer(815301076,1909f56bfc062723c751e8b465ee728b)
Start importing Assets/Decorations/tree_3.fbx using Guid(d7c673489ae779f4981703d07a67fa6d) Importer(815301076,1909f56bfc062723c751e8b465ee728b)  -> (artifact id: 'cfe7bb24f8096f9a2d4db856ba39dfa2') in 0.020616 seconds 
========================================================================
Received Import Request.
  Time since last request: 0.000027 seconds.
  path: Assets/Decorations/tree_7.fbx
  artifactKey: Guid(c9cfba535676c5746aea07a0f248194b) Importer(815301076,1909f56bfc062723c751e8b465ee728b)
Start importing Assets/Decorations/tree_7.fbx using Guid(c9cfba535676c5746aea07a0f248194b) Importer(815301076,1909f56bfc062723c751e8b465ee728b)  -> (artifact id: '75a129d5e79d42fde96ad555fa1ec65d') in 0.019380 seconds 
========================================================================
Received Import Request.
  Time since last request: 0.000018 seconds.
  path: Assets/Decorations/street_lamp_2.fbx
  artifactKey: Guid(48517754e0e013546accce0287ea9c2f) Importer(815301076,1909f56bfc062723c751e8b465ee728b)
Start importing Assets/Decorations/street_lamp_2.fbx using Guid(48517754e0e013546accce0287ea9c2f) Importer(815301076,1909f56bfc062723c751e8b465ee728b)  -> (artifact id: '72118f3c311014e85db4132e725b621d') in 0.022321 seconds 
========================================================================
Received Import Request.
  Time since last request: 0.000023 seconds.
  path: Assets/Decorations/road.fbx
  artifactKey: Guid(bdbd9d7226778fd4b8192cf3df5e028d) Importer(815301076,1909f56bfc062723c751e8b465ee728b)
Start importing Assets/Decorations/road.fbx using Guid(bdbd9d7226778fd4b8192cf3df5e028d) Importer(815301076,1909f56bfc062723c751e8b465ee728b)  -> (artifact id: '66cb473de80e7788f2b38621467026cd') in 0.019088 seconds 
========================================================================
Received Import Request.
  Time since last request: 0.000016 seconds.
  path: Assets/Decorations/tree_1.fbx
  artifactKey: Guid(0001ef2c9558aba49a7eb3ef1ad3b64d) Importer(815301076,1909f56bfc062723c751e8b465ee728b)
Start importing Assets/Decorations/tree_1.fbx using Guid(0001ef2c9558aba49a7eb3ef1ad3b64d) Importer(815301076,1909f56bfc062723c751e8b465ee728b)  -> (artifact id: '5803d41e42ec91afdc2cd41ab35eef2d') in 0.022960 seconds 
========================================================================
Received Import Request.
  Time since last request: 0.000020 seconds.
  path: Assets/Decorations/car_white.fbx
  artifactKey: Guid(4e0a22c1027c18f42bbe8ab97830e1c9) Importer(815301076,1909f56bfc062723c751e8b465ee728b)
Start importing Assets/Decorations/car_white.fbx using Guid(4e0a22c1027c18f42bbe8ab97830e1c9) Importer(815301076,1909f56bfc062723c751e8b465ee728b)  -> (artifact id: 'd908a17f5de940309504c442a0d0f1c5') in 0.022736 seconds 
========================================================================
Received Import Request.
  Time since last request: 0.000021 seconds.
  path: Assets/Decorations/bench_1_v_3.fbx
  artifactKey: Guid(3d80b6ccf651fe943a1988f60b388549) Importer(815301076,1909f56bfc062723c751e8b465ee728b)
Start importing Assets/Decorations/bench_1_v_3.fbx using Guid(3d80b6ccf651fe943a1988f60b388549) Importer(815301076,1909f56bfc062723c751e8b465ee728b)  -> (artifact id: 'adc44d6563a18c8771072b5c6823d457') in 0.019043 seconds 
========================================================================
Received Import Request.
  Time since last request: 0.000015 seconds.
  path: Assets/Decorations/road_intersection_L.fbx
  artifactKey: Guid(4d8e62f5885b4c746ad9a100c401d90b) Importer(815301076,1909f56bfc062723c751e8b465ee728b)
Start importing Assets/Decorations/road_intersection_L.fbx using Guid(4d8e62f5885b4c746ad9a100c401d90b) Importer(815301076,1909f56bfc062723c751e8b465ee728b)  -> (artifact id: '60f1376056f638fd658e67ef86f87120') in 0.020184 seconds 
========================================================================
Received Import Request.
  Time since last request: 0.000020 seconds.
  path: Assets/Decorations/street_lamp_1.fbx
  artifactKey: Guid(e05292a117908484b8f0bb664bf154ff) Importer(815301076,1909f56bfc062723c751e8b465ee728b)
Start importing Assets/Decorations/street_lamp_1.fbx using Guid(e05292a117908484b8f0bb664bf154ff) Importer(815301076,1909f56bfc062723c751e8b465ee728b)  -> (artifact id: '95934a9f9670f572176930c19ef58c5e') in 0.019381 seconds 
========================================================================
Received Import Request.
  Time since last request: 23.418627 seconds.
  path: Assets/Meshtint Free Car 01 Mega Toon Series/Prefabs/FX Wind.prefab
  artifactKey: Guid(44dfddcfe66dd5c4dbb76f4288455a85) Importer(815301076,1909f56bfc062723c751e8b465ee728b)
Start importing Assets/Meshtint Free Car 01 Mega Toon Series/Prefabs/FX Wind.prefab using Guid(44dfddcfe66dd5c4dbb76f4288455a85) Importer(815301076,1909f56bfc062723c751e8b465ee728b)  -> (artifact id: 'c6fe9bec12558b28e6c44ea4bf1e512d') in 0.052041 seconds 
========================================================================
Received Import Request.
  Time since last request: 0.000018 seconds.
  path: Assets/Meshtint Free Car 01 Mega Toon Series/Prefabs/MT Car 01.prefab
  artifactKey: Guid(8da2fa4410a3c384badf2e8d8d2f56f3) Importer(815301076,1909f56bfc062723c751e8b465ee728b)
Start importing Assets/Meshtint Free Car 01 Mega Toon Series/Prefabs/MT Car 01.prefab using Guid(8da2fa4410a3c384badf2e8d8d2f56f3) Importer(815301076,1909f56bfc062723c751e8b465ee728b)  -> (artifact id: '393d43400d9de20c59efd672da0d911c') in 0.131206 seconds 
========================================================================
Received Import Request.
  Time since last request: 17.723515 seconds.
  path: Assets/Meshtint Free Car 01 Mega Toon Series/PPP/Car.asset
  artifactKey: Guid(97d466af3156d72488d4974fbafed71c) Importer(815301076,1909f56bfc062723c751e8b465ee728b)
Start importing Assets/Meshtint Free Car 01 Mega Toon Series/PPP/Car.asset using Guid(97d466af3156d72488d4974fbafed71c) Importer(815301076,1909f56bfc062723c751e8b465ee728b)  -> (artifact id: '3dd030215eb25bdbdaf316cdaba1f8b6') in 0.009572 seconds 
========================================================================
Received Import Request.
  Time since last request: 0.656640 seconds.
  path: Assets/Meshtint Free Car 01 Mega Toon Series/Materials/FX Wind.mat
  artifactKey: Guid(30be4f247a4bbe548866d58db9ebddaa) Importer(815301076,1909f56bfc062723c751e8b465ee728b)
Start importing Assets/Meshtint Free Car 01 Mega Toon Series/Materials/FX Wind.mat using Guid(30be4f247a4bbe548866d58db9ebddaa) Importer(815301076,1909f56bfc062723c751e8b465ee728b)  -> (artifact id: 'ad5cd54d72b1d175473adc7236d5b72c') in 0.030169 seconds 
========================================================================
Received Import Request.
  Time since last request: 0.000017 seconds.
  path: Assets/Meshtint Free Car 01 Mega Toon Series/Materials/Mega Toon Car 01.mat
  artifactKey: Guid(d05d1bc7a545c5642917e5aa844b7a3d) Importer(815301076,1909f56bfc062723c751e8b465ee728b)
Start importing Assets/Meshtint Free Car 01 Mega Toon Series/Materials/Mega Toon Car 01.mat using Guid(d05d1bc7a545c5642917e5aa844b7a3d) Importer(815301076,1909f56bfc062723c751e8b465ee728b)  -> (artifact id: '6cd48648ad596f1a3e8b9e68a23a3ae1') in 0.022113 seconds 
========================================================================
Received Import Request.
  Time since last request: 7.882197 seconds.
  path: Assets/Meshtint Free Car 02 Mega Toon Series/Prefabs/MT Car 02.prefab
  artifactKey: Guid(1bbc73fc330e07c4bafc7099fe33b4bd) Importer(815301076,1909f56bfc062723c751e8b465ee728b)
Start importing Assets/Meshtint Free Car 02 Mega Toon Series/Prefabs/MT Car 02.prefab using Guid(1bbc73fc330e07c4bafc7099fe33b4bd) Importer(815301076,1909f56bfc062723c751e8b465ee728b)  -> (artifact id: '179e8b89a4fa73cf95056751e45b55f9') in 0.111403 seconds 
========================================================================
Received Import Request.
  Time since last request: 9.513057 seconds.
  path: Assets/Quirky Series Ultimate/FREE/Prefabs/Sparrow.prefab
  artifactKey: Guid(ad4137f595ec8e2449cacca9df7d3735) Importer(815301076,1909f56bfc062723c751e8b465ee728b)
Start importing Assets/Quirky Series Ultimate/FREE/Prefabs/Sparrow.prefab using Guid(ad4137f595ec8e2449cacca9df7d3735) Importer(815301076,1909f56bfc062723c751e8b465ee728b)  -> (artifact id: '84c916047dc51021fd04eeff6edfa212') in 0.100000 seconds 
========================================================================
Received Import Request.
  Time since last request: 5.329836 seconds.
  path: Assets/Quirky Series Ultimate/FREE/Materials/M_Sparrow.mat
  artifactKey: Guid(797669773fa10544383b7822df49f5d9) Importer(815301076,1909f56bfc062723c751e8b465ee728b)
Start importing Assets/Quirky Series Ultimate/FREE/Materials/M_Sparrow.mat using Guid(797669773fa10544383b7822df49f5d9) Importer(815301076,1909f56bfc062723c751e8b465ee728b)  -> (artifact id: '531c1453059ffc87b4e6aff8f5a05888') in 0.013369 seconds 
========================================================================
Received Import Request.
  Time since last request: 0.578502 seconds.
  path: Assets/Quirky Series Ultimate/FREE/Demo/M_DemoPlane.mat
  artifactKey: Guid(ccf25ce32e765dc4a8add71f83eaaad3) Importer(815301076,1909f56bfc062723c751e8b465ee728b)
Start importing Assets/Quirky Series Ultimate/FREE/Demo/M_DemoPlane.mat using Guid(ccf25ce32e765dc4a8add71f83eaaad3) Importer(815301076,1909f56bfc062723c751e8b465ee728b)  -> (artifact id: 'afeec27aef466b9b634afd491817af9a') in 0.012985 seconds 
========================================================================
Received Prepare
Registering precompiled user dll's ...
Registered in 0.008424 seconds.
Begin MonoManager ReloadAssembly
Symbol file LoadedFromMemory doesn't match image C:\Users\조성택\Documents\GitHub\Watch-out-for-the-car\Watch-out-for-the-car\Library\PackageCache\com.unity.visualscripting@1.7.8\Editor\VisualScripting.Core\Dependencies\YamlDotNet\Unity.VisualScripting.YamlDotNet.dll
Symbol file LoadedFromMemory doesn't match image C:\Users\조성택\Documents\GitHub\Watch-out-for-the-car\Watch-out-for-the-car\Library\PackageCache\com.unity.visualscripting@1.7.8\Editor\VisualScripting.Core\Dependencies\DotNetZip\Unity.VisualScripting.IonicZip.dll
Native extension for WindowsStandalone target not found
Native extension for WebGL target not found
Refreshing native plugins compatible for Editor in 0.97 ms, found 3 plugins.
Preloading 0 native plugins for Editor in 0.00 ms.
Mono: successfully reloaded assembly
- Completed reload, in  1.112 seconds
Domain Reload Profiling:
	ReloadAssembly (1113ms)
		BeginReloadAssembly (154ms)
			ExecutionOrderSort (0ms)
			DisableScriptedObjects (4ms)
			BackupInstance (0ms)
			ReleaseScriptingObjects (0ms)
			CreateAndSetChildDomain (38ms)
		EndReloadAssembly (842ms)
			LoadAssemblies (113ms)
			RebuildTransferFunctionScriptingTraits (0ms)
			SetupTypeCache (277ms)
			ReleaseScriptCaches (1ms)
			RebuildScriptCaches (44ms)
			SetupLoadedEditorAssemblies (367ms)
				LogAssemblyErrors (0ms)
				InitializePlatformSupportModulesInManaged (19ms)
				SetLoadedEditorAssemblies (0ms)
				RefreshPlugins (1ms)
				BeforeProcessingInitializeOnLoad (86ms)
				ProcessInitializeOnLoadAttributes (213ms)
				ProcessInitializeOnLoadMethodAttributes (34ms)
				AfterProcessingInitializeOnLoad (13ms)
				EditorAssembliesLoaded (0ms)
			ExecutionOrderSort2 (0ms)
			AwakeInstancesAfterBackupRestoration (11ms)
Platform modules already initialized, skipping
Refreshing native plugins compatible for Editor in 2.48 ms, found 3 plugins.
Preloading 0 native plugins for Editor in 0.00 ms.
Unloading 3376 Unused Serialized files (Serialized files now loaded: 0)
Unloading 20 unused Assets / (81.7 KB). Loaded Objects now: 3893.
Memory consumption went from 136.2 MB to 136.1 MB.
Total: 2.896200 ms (FindLiveObjects: 0.339000 ms CreateObjectMapping: 0.119600 ms MarkObjects: 2.329800 ms  DeleteObjects: 0.106800 ms)

AssetImportParameters requested are different than current active one (requested -> active):
  custom:video-decoder-ogg-theora: a1e56fd34408186e4bbccfd4996cb3dc -> 
  custom:container-muxer-webm: aa71ff27fc2769a1b78a27578f13a17b -> 
  custom:container-demuxer-webm: 4f35f7cbe854078d1ac9338744f61a02 -> 
  custom:video-encoder-webm-vp8: eb34c28f22e8b96e1ab97ce403110664 -> 
  custom:audio-encoder-webm-vorbis: bf7c407c2cedff20999df2af8eb42d56 -> 
  custom:framework-win-MediaFoundation: 216162199b28c13a410421893ffa2e32 -> 
  custom:container-demuxer-ogg: 62fdf1f143b41e24485cea50d1cbac27 -> 
  custom:video-decoder-webm-vp8: 9c59270c3fd7afecdb556c50c9e8de78 -> 
  custom:audio-decoder-ogg-vorbis: bf7c407c2cedff20999df2af8eb42d56 -> 
========================================================================
Received Prepare
Registering precompiled user dll's ...
Registered in 0.008995 seconds.
Begin MonoManager ReloadAssembly
Symbol file LoadedFromMemory doesn't match image C:\Users\조성택\Documents\GitHub\Watch-out-for-the-car\Watch-out-for-the-car\Library\PackageCache\com.unity.visualscripting@1.7.8\Editor\VisualScripting.Core\Dependencies\YamlDotNet\Unity.VisualScripting.YamlDotNet.dll
Symbol file LoadedFromMemory doesn't match image C:\Users\조성택\Documents\GitHub\Watch-out-for-the-car\Watch-out-for-the-car\Library\PackageCache\com.unity.visualscripting@1.7.8\Editor\VisualScripting.Core\Dependencies\DotNetZip\Unity.VisualScripting.IonicZip.dll
Native extension for WindowsStandalone target not found
Native extension for WebGL target not found
Refreshing native plugins compatible for Editor in 0.69 ms, found 3 plugins.
Preloading 0 native plugins for Editor in 0.00 ms.
Mono: successfully reloaded assembly
- Completed reload, in  1.152 seconds
Domain Reload Profiling:
	ReloadAssembly (1153ms)
		BeginReloadAssembly (169ms)
			ExecutionOrderSort (0ms)
			DisableScriptedObjects (5ms)
			BackupInstance (0ms)
			ReleaseScriptingObjects (0ms)
			CreateAndSetChildDomain (42ms)
		EndReloadAssembly (863ms)
			LoadAssemblies (121ms)
			RebuildTransferFunctionScriptingTraits (0ms)
			SetupTypeCache (288ms)
			ReleaseScriptCaches (2ms)
			RebuildScriptCaches (44ms)
			SetupLoadedEditorAssemblies (365ms)
				LogAssemblyErrors (0ms)
				InitializePlatformSupportModulesInManaged (19ms)
				SetLoadedEditorAssemblies (1ms)
				RefreshPlugins (1ms)
				BeforeProcessingInitializeOnLoad (83ms)
				ProcessInitializeOnLoadAttributes (216ms)
				ProcessInitializeOnLoadMethodAttributes (30ms)
				AfterProcessingInitializeOnLoad (14ms)
				EditorAssembliesLoaded (0ms)
			ExecutionOrderSort2 (0ms)
			AwakeInstancesAfterBackupRestoration (13ms)
Platform modules already initialized, skipping
Refreshing native plugins compatible for Editor in 2.46 ms, found 3 plugins.
Preloading 0 native plugins for Editor in 0.00 ms.
Unloading 3376 Unused Serialized files (Serialized files now loaded: 0)
Unloading 20 unused Assets / (81.7 KB). Loaded Objects now: 3896.
Memory consumption went from 136.2 MB to 136.1 MB.
Total: 3.724900 ms (FindLiveObjects: 0.403600 ms CreateObjectMapping: 0.097100 ms MarkObjects: 3.075300 ms  DeleteObjects: 0.147500 ms)

AssetImportParameters requested are different than current active one (requested -> active):
  custom:video-decoder-ogg-theora: a1e56fd34408186e4bbccfd4996cb3dc -> 
  custom:container-muxer-webm: aa71ff27fc2769a1b78a27578f13a17b -> 
  custom:container-demuxer-webm: 4f35f7cbe854078d1ac9338744f61a02 -> 
  custom:video-encoder-webm-vp8: eb34c28f22e8b96e1ab97ce403110664 -> 
  custom:audio-encoder-webm-vorbis: bf7c407c2cedff20999df2af8eb42d56 -> 
  custom:framework-win-MediaFoundation: 216162199b28c13a410421893ffa2e32 -> 
  custom:container-demuxer-ogg: 62fdf1f143b41e24485cea50d1cbac27 -> 
  custom:video-decoder-webm-vp8: 9c59270c3fd7afecdb556c50c9e8de78 -> 
  custom:audio-decoder-ogg-vorbis: bf7c407c2cedff20999df2af8eb42d56 -> 
========================================================================
Received Import Request.
  Time since last request: 30.489061 seconds.
  path: Assets/Vehicle_Essentials/Vehicle_Car/Vehicle_Car_Drive/Vehicle_Car_Drive_Exterior_Loop.wav
  artifactKey: Guid(33d5f05eb46a3e345928831e0d00b15e) Importer(815301076,1909f56bfc062723c751e8b465ee728b)
Start importing Assets/Vehicle_Essentials/Vehicle_Car/Vehicle_Car_Drive/Vehicle_Car_Drive_Exterior_Loop.wav using Guid(33d5f05eb46a3e345928831e0d00b15e) Importer(815301076,1909f56bfc062723c751e8b465ee728b)  -> (artifact id: '05d52b946f77423bb448a77f62d0ac93') in 0.087552 seconds 
========================================================================
Received Import Request.
  Time since last request: 0.000016 seconds.
  path: Assets/Vehicle_Essentials/Vehicle_Car/Vehicle_Car_Drive/Vehicle_Car_Drive_Interior_Loop_02.wav
  artifactKey: Guid(32fa4aee1f1a82942a97c4b48e887fed) Importer(815301076,1909f56bfc062723c751e8b465ee728b)
Start importing Assets/Vehicle_Essentials/Vehicle_Car/Vehicle_Car_Drive/Vehicle_Car_Drive_Interior_Loop_02.wav using Guid(32fa4aee1f1a82942a97c4b48e887fed) Importer(815301076,1909f56bfc062723c751e8b465ee728b)  -> (artifact id: '0484d36a9b8425f6dae2e5ba218f1ab6') in 0.015459 seconds 
========================================================================
Received Import Request.
  Time since last request: 0.000026 seconds.
  path: Assets/Vehicle_Essentials/Vehicle_Car/Vehicle_Car_Drive/Vehicle_Car_Drive_Interior_Loop_01.wav
  artifactKey: Guid(a2433afdf39a6f842a45e18593605af0) Importer(815301076,1909f56bfc062723c751e8b465ee728b)
Start importing Assets/Vehicle_Essentials/Vehicle_Car/Vehicle_Car_Drive/Vehicle_Car_Drive_Interior_Loop_01.wav using Guid(a2433afdf39a6f842a45e18593605af0) Importer(815301076,1909f56bfc062723c751e8b465ee728b)  -> (artifact id: 'fad7783e8260f53e477d62a2edf0faaf') in 0.013085 seconds 
========================================================================
Received Import Request.
  Time since last request: 0.000026 seconds.
  path: Assets/Vehicle_Essentials/Vehicle_Car/Vehicle_Car_Drive/Vehicle_Car_Drive_Interior_Loop_04.wav
  artifactKey: Guid(594c96bc024374641bdf1660a2622236) Importer(815301076,1909f56bfc062723c751e8b465ee728b)
Start importing Assets/Vehicle_Essentials/Vehicle_Car/Vehicle_Car_Drive/Vehicle_Car_Drive_Interior_Loop_04.wav using Guid(594c96bc024374641bdf1660a2622236) Importer(815301076,1909f56bfc062723c751e8b465ee728b)  -> (artifact id: 'dd4353107060100342707c120fe8f3fc') in 0.013136 seconds 
========================================================================
Received Import Request.
  Time since last request: 0.000028 seconds.
  path: Assets/Vehicle_Essentials/Vehicle_Car/Vehicle_Car_Drive/Vehicle_Car_Drive_Interior_Loop_03.wav
  artifactKey: Guid(e1c2366a3a738e34bac7ebf0c85b3ab8) Importer(815301076,1909f56bfc062723c751e8b465ee728b)
Start importing Assets/Vehicle_Essentials/Vehicle_Car/Vehicle_Car_Drive/Vehicle_Car_Drive_Interior_Loop_03.wav using Guid(e1c2366a3a738e34bac7ebf0c85b3ab8) Importer(815301076,1909f56bfc062723c751e8b465ee728b)  -> (artifact id: '0622c3b8dfa7b382f3853704d824453c') in 0.015145 seconds 
========================================================================
Received Import Request.
  Time since last request: 0.000014 seconds.
  path: Assets/Vehicle_Essentials/Vehicle_Car/Vehicle_Car_Drive/Vehicle_Car_Drive_Exterior_Short_Loop.wav
  artifactKey: Guid(fcf7d281354eb6340bf006a9528281e4) Importer(815301076,1909f56bfc062723c751e8b465ee728b)
Start importing Assets/Vehicle_Essentials/Vehicle_Car/Vehicle_Car_Drive/Vehicle_Car_Drive_Exterior_Short_Loop.wav using Guid(fcf7d281354eb6340bf006a9528281e4) Importer(815301076,1909f56bfc062723c751e8b465ee728b)  -> (artifact id: 'ceead5ccebdc558915833049cb42afd0') in 0.013008 seconds 
========================================================================
Received Import Request.
  Time since last request: 5.983911 seconds.
  path: Assets/Vehicle_Essentials/Vehicle_Car/Vehicle_Car_Buttons/Vehicle_Car_Button_01.wav
  artifactKey: Guid(bba74e54a0cee534d97da43d75900c10) Importer(815301076,1909f56bfc062723c751e8b465ee728b)
Start importing Assets/Vehicle_Essentials/Vehicle_Car/Vehicle_Car_Buttons/Vehicle_Car_Button_01.wav using Guid(bba74e54a0cee534d97da43d75900c10) Importer(815301076,1909f56bfc062723c751e8b465ee728b)  -> (artifact id: 'e1ff2a92c3c3c1aa56ae66548911d231') in 0.011790 seconds 
========================================================================
Received Import Request.
  Time since last request: 0.000020 seconds.
  path: Assets/Vehicle_Essentials/Vehicle_Car/Vehicle_Car_Buttons/Vehicle_Car_Button_03.wav
  artifactKey: Guid(6fbb53da201995549b5599d06f3319c1) Importer(815301076,1909f56bfc062723c751e8b465ee728b)
Start importing Assets/Vehicle_Essentials/Vehicle_Car/Vehicle_Car_Buttons/Vehicle_Car_Button_03.wav using Guid(6fbb53da201995549b5599d06f3319c1) Importer(815301076,1909f56bfc062723c751e8b465ee728b)  -> (artifact id: 'be5d5097f6504530692fc0ac3d1b23b2') in 0.024059 seconds 
========================================================================
Received Import Request.
  Time since last request: 0.000017 seconds.
  path: Assets/Vehicle_Essentials/Vehicle_Car/Vehicle_Car_Buttons/Vehicle_Car_Button_04.wav
  artifactKey: Guid(ef3be14e921ddb842865f8e374780ad9) Importer(815301076,1909f56bfc062723c751e8b465ee728b)
Start importing Assets/Vehicle_Essentials/Vehicle_Car/Vehicle_Car_Buttons/Vehicle_Car_Button_04.wav using Guid(ef3be14e921ddb842865f8e374780ad9) Importer(815301076,1909f56bfc062723c751e8b465ee728b)  -> (artifact id: 'dc8cc76d04042cb00d5f42703ef5f87f') in 0.013009 seconds 
========================================================================
Received Import Request.
  Time since last request: 0.000016 seconds.
  path: Assets/Vehicle_Essentials/Vehicle_Car/Vehicle_Car_Buttons/Vehicle_Car_Button_02.wav
  artifactKey: Guid(56d1669bab87b7845942de66f4197b44) Importer(815301076,1909f56bfc062723c751e8b465ee728b)
Start importing Assets/Vehicle_Essentials/Vehicle_Car/Vehicle_Car_Buttons/Vehicle_Car_Button_02.wav using Guid(56d1669bab87b7845942de66f4197b44) Importer(815301076,1909f56bfc062723c751e8b465ee728b)  -> (artifact id: '004d84ce132a63c4c29bd6d6a33b7a9e') in 0.020230 seconds 
========================================================================
Received Import Request.
  Time since last request: 0.000023 seconds.
  path: Assets/Vehicle_Essentials/Vehicle_Car/Vehicle_Car_Buttons/Vehicle_Car_Button_Movement_02.wav
  artifactKey: Guid(354633765207633408b3a92dd64c2433) Importer(815301076,1909f56bfc062723c751e8b465ee728b)
Start importing Assets/Vehicle_Essentials/Vehicle_Car/Vehicle_Car_Buttons/Vehicle_Car_Button_Movement_02.wav using Guid(354633765207633408b3a92dd64c2433) Importer(815301076,1909f56bfc062723c751e8b465ee728b)  -> (artifact id: '2868cddd8ee33d71a8e62f5c14a75a09') in 0.011295 seconds 
========================================================================
Received Import Request.
  Time since last request: 0.000027 seconds.
  path: Assets/Vehicle_Essentials/Vehicle_Car/Vehicle_Car_Buttons/Vehicle_Car_Button_Movement_01.wav
  artifactKey: Guid(1a9c6ff48f0df53448795c71eb0fb84d) Importer(815301076,1909f56bfc062723c751e8b465ee728b)
Start importing Assets/Vehicle_Essentials/Vehicle_Car/Vehicle_Car_Buttons/Vehicle_Car_Button_Movement_01.wav using Guid(1a9c6ff48f0df53448795c71eb0fb84d) Importer(815301076,1909f56bfc062723c751e8b465ee728b)  -> (artifact id: '5d1887e29115d403704f98c65c6081b8') in 0.011177 seconds 
========================================================================
Received Import Request.
  Time since last request: 4.510819 seconds.
  path: Assets/Simple Vehicle Pack/Materials/Bus_1.mat
  artifactKey: Guid(39cfffc7cdb08644ca972fb9d7f6b125) Importer(815301076,1909f56bfc062723c751e8b465ee728b)
Start importing Assets/Simple Vehicle Pack/Materials/Bus_1.mat using Guid(39cfffc7cdb08644ca972fb9d7f6b125) Importer(815301076,1909f56bfc062723c751e8b465ee728b)  -> (artifact id: '7d3e85778617695ceb046e42ba870870') in 0.227833 seconds 
========================================================================
Received Import Request.
  Time since last request: 0.000021 seconds.
  path: Assets/Simple Vehicle Pack/Materials/Cars_2.mat
  artifactKey: Guid(aa87e04130195564ba9a4d334968abc1) Importer(815301076,1909f56bfc062723c751e8b465ee728b)
Start importing Assets/Simple Vehicle Pack/Materials/Cars_2.mat using Guid(aa87e04130195564ba9a4d334968abc1) Importer(815301076,1909f56bfc062723c751e8b465ee728b)  -> (artifact id: '3e95f2abfd76a3b53151371e67d3679f') in 0.030881 seconds 
========================================================================
Received Import Request.
  Time since last request: 0.000030 seconds.
  path: Assets/Simple Vehicle Pack/Materials/Cars_1.mat
  artifactKey: Guid(d1609d52f4f81da40955e6165cb60e78) Importer(815301076,1909f56bfc062723c751e8b465ee728b)
Start importing Assets/Simple Vehicle Pack/Materials/Cars_1.mat using Guid(d1609d52f4f81da40955e6165cb60e78) Importer(815301076,1909f56bfc062723c751e8b465ee728b)  -> (artifact id: '37f37ab823421f9aea59001db340a845') in 0.024103 seconds 
========================================================================
Received Import Request.
  Time since last request: 0.000019 seconds.
  path: Assets/Simple Vehicle Pack/Materials/Bus_2.mat
  artifactKey: Guid(73e805105a361df41b7e14313b517476) Importer(815301076,1909f56bfc062723c751e8b465ee728b)
Start importing Assets/Simple Vehicle Pack/Materials/Bus_2.mat using Guid(73e805105a361df41b7e14313b517476) Importer(815301076,1909f56bfc062723c751e8b465ee728b)  -> (artifact id: 'eab8a14b5d14a7d7de1757012d894406') in 0.015636 seconds 
========================================================================
Received Import Request.
  Time since last request: 2.539560 seconds.
  path: Assets/Simple Vehicle Pack/Prefabs/Bus_1.prefab
  artifactKey: Guid(fc4245223e4122142bb14239d44230ef) Importer(815301076,1909f56bfc062723c751e8b465ee728b)
Start importing Assets/Simple Vehicle Pack/Prefabs/Bus_1.prefab using Guid(fc4245223e4122142bb14239d44230ef) Importer(815301076,1909f56bfc062723c751e8b465ee728b)  -> (artifact id: '3bbaab85c68c05719870f7e4e4e8a1de') in 0.026667 seconds 
========================================================================
Received Import Request.
  Time since last request: 0.000016 seconds.
  path: Assets/Simple Vehicle Pack/Prefabs/Taxi.prefab
  artifactKey: Guid(50477af197889084e8a6d97f2b73b73b) Importer(815301076,1909f56bfc062723c751e8b465ee728b)
Start importing Assets/Simple Vehicle Pack/Prefabs/Taxi.prefab using Guid(50477af197889084e8a6d97f2b73b73b) Importer(815301076,1909f56bfc062723c751e8b465ee728b)  -> (artifact id: '945e7b9c2574934e4b27287cb9f27d27') in 0.022802 seconds 
========================================================================
Received Import Request.
  Time since last request: 0.000018 seconds.
  path: Assets/Simple Vehicle Pack/Prefabs/Car_3.prefab
  artifactKey: Guid(512151c1530b99343a884b12ee9c5e1e) Importer(815301076,1909f56bfc062723c751e8b465ee728b)
Start importing Assets/Simple Vehicle Pack/Prefabs/Car_3.prefab using Guid(512151c1530b99343a884b12ee9c5e1e) Importer(815301076,1909f56bfc062723c751e8b465ee728b)  -> (artifact id: 'b6abee19cfb5e6dbe0793fd272281c67') in 0.019964 seconds 
========================================================================
Received Import Request.
  Time since last request: 0.000027 seconds.
  path: Assets/Simple Vehicle Pack/Prefabs/Police_car.prefab
  artifactKey: Guid(f463242ba59e68243b7a693d4f0cfc18) Importer(815301076,1909f56bfc062723c751e8b465ee728b)
Start importing Assets/Simple Vehicle Pack/Prefabs/Police_car.prefab using Guid(f463242ba59e68243b7a693d4f0cfc18) Importer(815301076,1909f56bfc062723c751e8b465ee728b)  -> (artifact id: 'b6d76e4c527adb1c706db2b3135d742a') in 0.024122 seconds 
========================================================================
Received Import Request.
  Time since last request: 0.000024 seconds.
  path: Assets/Simple Vehicle Pack/Prefabs/Bus_2.prefab
  artifactKey: Guid(34941e62fdb557544ada8af1b5333ae0) Importer(815301076,1909f56bfc062723c751e8b465ee728b)
Start importing Assets/Simple Vehicle Pack/Prefabs/Bus_2.prefab using Guid(34941e62fdb557544ada8af1b5333ae0) Importer(815301076,1909f56bfc062723c751e8b465ee728b)  -> (artifact id: '5a5de19d9126761e02e31605b727e643') in 0.015962 seconds 
========================================================================
Received Import Request.
  Time since last request: 0.000026 seconds.
  path: Assets/Simple Vehicle Pack/Prefabs/Car_4.prefab
  artifactKey: Guid(ab26596a331d7ee43a3e9d29e2be9f84) Importer(815301076,1909f56bfc062723c751e8b465ee728b)
Start importing Assets/Simple Vehicle Pack/Prefabs/Car_4.prefab using Guid(ab26596a331d7ee43a3e9d29e2be9f84) Importer(815301076,1909f56bfc062723c751e8b465ee728b)  -> (artifact id: '4f73e0e063526f93adae8486d6050ec5') in 0.019268 seconds 
========================================================================
Received Import Request.
  Time since last request: 0.000022 seconds.
  path: Assets/Simple Vehicle Pack/Prefabs/Car_2.prefab
  artifactKey: Guid(2dc42346e5313b34c93d598a61994629) Importer(815301076,1909f56bfc062723c751e8b465ee728b)
Start importing Assets/Simple Vehicle Pack/Prefabs/Car_2.prefab using Guid(2dc42346e5313b34c93d598a61994629) Importer(815301076,1909f56bfc062723c751e8b465ee728b)  -> (artifact id: 'b84986ca6c48a9fa03a7ea4aeaf932f1') in 0.020182 seconds 
========================================================================
Received Import Request.
  Time since last request: 0.000053 seconds.
  path: Assets/Simple Vehicle Pack/Prefabs/Car_1.prefab
  artifactKey: Guid(0ae65270c30153049ab49eb3ebf070d6) Importer(815301076,1909f56bfc062723c751e8b465ee728b)
Start importing Assets/Simple Vehicle Pack/Prefabs/Car_1.prefab using Guid(0ae65270c30153049ab49eb3ebf070d6) Importer(815301076,1909f56bfc062723c751e8b465ee728b)  -> (artifact id: '649f6076654fd7f6ad975550e59a39fb') in 0.019645 seconds 
========================================================================
Received Prepare
Registering precompiled user dll's ...
Registered in 0.008456 seconds.
Begin MonoManager ReloadAssembly
Symbol file LoadedFromMemory doesn't match image C:\Users\조성택\Documents\GitHub\Watch-out-for-the-car\Watch-out-for-the-car\Library\PackageCache\com.unity.visualscripting@1.7.8\Editor\VisualScripting.Core\Dependencies\YamlDotNet\Unity.VisualScripting.YamlDotNet.dll
Symbol file LoadedFromMemory doesn't match image C:\Users\조성택\Documents\GitHub\Watch-out-for-the-car\Watch-out-for-the-car\Library\PackageCache\com.unity.visualscripting@1.7.8\Editor\VisualScripting.Core\Dependencies\DotNetZip\Unity.VisualScripting.IonicZip.dll
Native extension for WindowsStandalone target not found
Native extension for WebGL target not found
Refreshing native plugins compatible for Editor in 0.85 ms, found 3 plugins.
Preloading 0 native plugins for Editor in 0.00 ms.
Mono: successfully reloaded assembly
- Completed reload, in  1.085 seconds
Domain Reload Profiling:
	ReloadAssembly (1086ms)
		BeginReloadAssembly (164ms)
			ExecutionOrderSort (0ms)
			DisableScriptedObjects (5ms)
			BackupInstance (0ms)
			ReleaseScriptingObjects (0ms)
			CreateAndSetChildDomain (44ms)
		EndReloadAssembly (804ms)
			LoadAssemblies (113ms)
			RebuildTransferFunctionScriptingTraits (0ms)
			SetupTypeCache (267ms)
			ReleaseScriptCaches (1ms)
			RebuildScriptCaches (40ms)
			SetupLoadedEditorAssemblies (344ms)
				LogAssemblyErrors (0ms)
				InitializePlatformSupportModulesInManaged (17ms)
				SetLoadedEditorAssemblies (1ms)
				RefreshPlugins (1ms)
				BeforeProcessingInitializeOnLoad (79ms)
				ProcessInitializeOnLoadAttributes (200ms)
				ProcessInitializeOnLoadMethodAttributes (33ms)
				AfterProcessingInitializeOnLoad (13ms)
				EditorAssembliesLoaded (0ms)
			ExecutionOrderSort2 (0ms)
			AwakeInstancesAfterBackupRestoration (12ms)
Platform modules already initialized, skipping
Refreshing native plugins compatible for Editor in 2.60 ms, found 3 plugins.
Preloading 0 native plugins for Editor in 0.00 ms.
Unloading 3376 Unused Serialized files (Serialized files now loaded: 0)
Unloading 20 unused Assets / (81.7 KB). Loaded Objects now: 3901.
Memory consumption went from 136.3 MB to 136.2 MB.
Total: 3.140900 ms (FindLiveObjects: 0.298100 ms CreateObjectMapping: 0.093300 ms MarkObjects: 2.500100 ms  DeleteObjects: 0.248500 ms)

AssetImportParameters requested are different than current active one (requested -> active):
  custom:video-decoder-ogg-theora: a1e56fd34408186e4bbccfd4996cb3dc -> 
  custom:container-muxer-webm: aa71ff27fc2769a1b78a27578f13a17b -> 
  custom:container-demuxer-webm: 4f35f7cbe854078d1ac9338744f61a02 -> 
  custom:video-encoder-webm-vp8: eb34c28f22e8b96e1ab97ce403110664 -> 
  custom:audio-encoder-webm-vorbis: bf7c407c2cedff20999df2af8eb42d56 -> 
  custom:framework-win-MediaFoundation: 216162199b28c13a410421893ffa2e32 -> 
  custom:container-demuxer-ogg: 62fdf1f143b41e24485cea50d1cbac27 -> 
  custom:video-decoder-webm-vp8: 9c59270c3fd7afecdb556c50c9e8de78 -> 
  custom:audio-decoder-ogg-vorbis: bf7c407c2cedff20999df2af8eb42d56 -> 
========================================================================
Received Prepare
Registering precompiled user dll's ...
Registered in 0.008192 seconds.
Begin MonoManager ReloadAssembly
Symbol file LoadedFromMemory doesn't match image C:\Users\조성택\Documents\GitHub\Watch-out-for-the-car\Watch-out-for-the-car\Library\PackageCache\com.unity.visualscripting@1.7.8\Editor\VisualScripting.Core\Dependencies\YamlDotNet\Unity.VisualScripting.YamlDotNet.dll
Symbol file LoadedFromMemory doesn't match image C:\Users\조성택\Documents\GitHub\Watch-out-for-the-car\Watch-out-for-the-car\Library\PackageCache\com.unity.visualscripting@1.7.8\Editor\VisualScripting.Core\Dependencies\DotNetZip\Unity.VisualScripting.IonicZip.dll
Native extension for WindowsStandalone target not found
Native extension for WebGL target not found
Refreshing native plugins compatible for Editor in 0.95 ms, found 3 plugins.
Preloading 0 native plugins for Editor in 0.00 ms.
Mono: successfully reloaded assembly
- Completed reload, in  1.150 seconds
Domain Reload Profiling:
	ReloadAssembly (1150ms)
		BeginReloadAssembly (167ms)
			ExecutionOrderSort (0ms)
			DisableScriptedObjects (6ms)
			BackupInstance (0ms)
			ReleaseScriptingObjects (0ms)
			CreateAndSetChildDomain (44ms)
		EndReloadAssembly (863ms)
			LoadAssemblies (116ms)
			RebuildTransferFunctionScriptingTraits (0ms)
			SetupTypeCache (285ms)
			ReleaseScriptCaches (2ms)
			RebuildScriptCaches (47ms)
			SetupLoadedEditorAssemblies (371ms)
				LogAssemblyErrors (0ms)
				InitializePlatformSupportModulesInManaged (19ms)
				SetLoadedEditorAssemblies (0ms)
				RefreshPlugins (1ms)
				BeforeProcessingInitializeOnLoad (85ms)
				ProcessInitializeOnLoadAttributes (219ms)
				ProcessInitializeOnLoadMethodAttributes (31ms)
				AfterProcessingInitializeOnLoad (15ms)
				EditorAssembliesLoaded (0ms)
			ExecutionOrderSort2 (0ms)
			AwakeInstancesAfterBackupRestoration (12ms)
Platform modules already initialized, skipping
Refreshing native plugins compatible for Editor in 2.60 ms, found 3 plugins.
Preloading 0 native plugins for Editor in 0.00 ms.
Unloading 3376 Unused Serialized files (Serialized files now loaded: 0)
Unloading 20 unused Assets / (81.5 KB). Loaded Objects now: 3904.
Memory consumption went from 136.4 MB to 136.3 MB.
Total: 3.785800 ms (FindLiveObjects: 0.595400 ms CreateObjectMapping: 0.482000 ms MarkObjects: 2.481400 ms  DeleteObjects: 0.225400 ms)

AssetImportParameters requested are different than current active one (requested -> active):
  custom:video-decoder-ogg-theora: a1e56fd34408186e4bbccfd4996cb3dc -> 
  custom:container-muxer-webm: aa71ff27fc2769a1b78a27578f13a17b -> 
  custom:container-demuxer-webm: 4f35f7cbe854078d1ac9338744f61a02 -> 
  custom:video-encoder-webm-vp8: eb34c28f22e8b96e1ab97ce403110664 -> 
  custom:audio-encoder-webm-vorbis: bf7c407c2cedff20999df2af8eb42d56 -> 
  custom:framework-win-MediaFoundation: 216162199b28c13a410421893ffa2e32 -> 
  custom:container-demuxer-ogg: 62fdf1f143b41e24485cea50d1cbac27 -> 
  custom:video-decoder-webm-vp8: 9c59270c3fd7afecdb556c50c9e8de78 -> 
  custom:audio-decoder-ogg-vorbis: bf7c407c2cedff20999df2af8eb42d56 -> 
========================================================================
Received Prepare
Registering precompiled user dll's ...
Registered in 0.010446 seconds.
Begin MonoManager ReloadAssembly
Symbol file LoadedFromMemory doesn't match image C:\Users\조성택\Documents\GitHub\Watch-out-for-the-car\Watch-out-for-the-car\Library\PackageCache\com.unity.visualscripting@1.7.8\Editor\VisualScripting.Core\Dependencies\YamlDotNet\Unity.VisualScripting.YamlDotNet.dll
Symbol file LoadedFromMemory doesn't match image C:\Users\조성택\Documents\GitHub\Watch-out-for-the-car\Watch-out-for-the-car\Library\PackageCache\com.unity.visualscripting@1.7.8\Editor\VisualScripting.Core\Dependencies\DotNetZip\Unity.VisualScripting.IonicZip.dll
Native extension for WindowsStandalone target not found
Native extension for WebGL target not found
Refreshing native plugins compatible for Editor in 0.84 ms, found 3 plugins.
Preloading 0 native plugins for Editor in 0.00 ms.
Mono: successfully reloaded assembly
- Completed reload, in  1.166 seconds
Domain Reload Profiling:
	ReloadAssembly (1166ms)
		BeginReloadAssembly (165ms)
			ExecutionOrderSort (0ms)
			DisableScriptedObjects (6ms)
			BackupInstance (0ms)
			ReleaseScriptingObjects (0ms)
			CreateAndSetChildDomain (40ms)
		EndReloadAssembly (878ms)
			LoadAssemblies (118ms)
			RebuildTransferFunctionScriptingTraits (0ms)
			SetupTypeCache (295ms)
			ReleaseScriptCaches (1ms)
			RebuildScriptCaches (43ms)
			SetupLoadedEditorAssemblies (373ms)
				LogAssemblyErrors (0ms)
				InitializePlatformSupportModulesInManaged (19ms)
				SetLoadedEditorAssemblies (0ms)
				RefreshPlugins (1ms)
				BeforeProcessingInitializeOnLoad (84ms)
				ProcessInitializeOnLoadAttributes (224ms)
				ProcessInitializeOnLoadMethodAttributes (30ms)
				AfterProcessingInitializeOnLoad (15ms)
				EditorAssembliesLoaded (0ms)
			ExecutionOrderSort2 (0ms)
			AwakeInstancesAfterBackupRestoration (12ms)
Platform modules already initialized, skipping
Refreshing native plugins compatible for Editor in 2.57 ms, found 3 plugins.
Preloading 0 native plugins for Editor in 0.00 ms.
Unloading 3376 Unused Serialized files (Serialized files now loaded: 0)
Unloading 20 unused Assets / (81.6 KB). Loaded Objects now: 3907.
Memory consumption went from 136.4 MB to 136.3 MB.
Total: 3.326600 ms (FindLiveObjects: 0.383300 ms CreateObjectMapping: 0.132600 ms MarkObjects: 2.697000 ms  DeleteObjects: 0.112500 ms)

AssetImportParameters requested are different than current active one (requested -> active):
  custom:video-decoder-ogg-theora: a1e56fd34408186e4bbccfd4996cb3dc -> 
  custom:container-muxer-webm: aa71ff27fc2769a1b78a27578f13a17b -> 
  custom:container-demuxer-webm: 4f35f7cbe854078d1ac9338744f61a02 -> 
  custom:video-encoder-webm-vp8: eb34c28f22e8b96e1ab97ce403110664 -> 
  custom:audio-encoder-webm-vorbis: bf7c407c2cedff20999df2af8eb42d56 -> 
  custom:framework-win-MediaFoundation: 216162199b28c13a410421893ffa2e32 -> 
  custom:container-demuxer-ogg: 62fdf1f143b41e24485cea50d1cbac27 -> 
  custom:video-decoder-webm-vp8: 9c59270c3fd7afecdb556c50c9e8de78 -> 
  custom:audio-decoder-ogg-vorbis: bf7c407c2cedff20999df2af8eb42d56 -> 
========================================================================
Received Prepare
Registering precompiled user dll's ...
Registered in 0.008687 seconds.
Begin MonoManager ReloadAssembly
Symbol file LoadedFromMemory doesn't match image C:\Users\조성택\Documents\GitHub\Watch-out-for-the-car\Watch-out-for-the-car\Library\PackageCache\com.unity.visualscripting@1.7.8\Editor\VisualScripting.Core\Dependencies\YamlDotNet\Unity.VisualScripting.YamlDotNet.dll
Symbol file LoadedFromMemory doesn't match image C:\Users\조성택\Documents\GitHub\Watch-out-for-the-car\Watch-out-for-the-car\Library\PackageCache\com.unity.visualscripting@1.7.8\Editor\VisualScripting.Core\Dependencies\DotNetZip\Unity.VisualScripting.IonicZip.dll
Native extension for WindowsStandalone target not found
Native extension for WebGL target not found
Refreshing native plugins compatible for Editor in 0.74 ms, found 3 plugins.
Preloading 0 native plugins for Editor in 0.00 ms.
Mono: successfully reloaded assembly
- Completed reload, in  1.171 seconds
Domain Reload Profiling:
	ReloadAssembly (1172ms)
		BeginReloadAssembly (150ms)
			ExecutionOrderSort (0ms)
			DisableScriptedObjects (5ms)
			BackupInstance (0ms)
			ReleaseScriptingObjects (0ms)
			CreateAndSetChildDomain (38ms)
		EndReloadAssembly (893ms)
			LoadAssemblies (111ms)
			RebuildTransferFunctionScriptingTraits (0ms)
			SetupTypeCache (289ms)
			ReleaseScriptCaches (2ms)
			RebuildScriptCaches (54ms)
			SetupLoadedEditorAssemblies (374ms)
				LogAssemblyErrors (0ms)
				InitializePlatformSupportModulesInManaged (19ms)
				SetLoadedEditorAssemblies (0ms)
				RefreshPlugins (1ms)
				BeforeProcessingInitializeOnLoad (84ms)
				ProcessInitializeOnLoadAttributes (230ms)
				ProcessInitializeOnLoadMethodAttributes (27ms)
				AfterProcessingInitializeOnLoad (13ms)
				EditorAssembliesLoaded (0ms)
			ExecutionOrderSort2 (0ms)
			AwakeInstancesAfterBackupRestoration (12ms)
Platform modules already initialized, skipping
Refreshing native plugins compatible for Editor in 2.53 ms, found 3 plugins.
Preloading 0 native plugins for Editor in 0.00 ms.
Unloading 3376 Unused Serialized files (Serialized files now loaded: 0)
Unloading 20 unused Assets / (81.6 KB). Loaded Objects now: 3910.
Memory consumption went from 136.4 MB to 136.3 MB.
Total: 3.100300 ms (FindLiveObjects: 0.340800 ms CreateObjectMapping: 0.087300 ms MarkObjects: 2.546500 ms  DeleteObjects: 0.124600 ms)

AssetImportParameters requested are different than current active one (requested -> active):
  custom:video-decoder-ogg-theora: a1e56fd34408186e4bbccfd4996cb3dc -> 
  custom:container-muxer-webm: aa71ff27fc2769a1b78a27578f13a17b -> 
  custom:container-demuxer-webm: 4f35f7cbe854078d1ac9338744f61a02 -> 
  custom:video-encoder-webm-vp8: eb34c28f22e8b96e1ab97ce403110664 -> 
  custom:audio-encoder-webm-vorbis: bf7c407c2cedff20999df2af8eb42d56 -> 
  custom:framework-win-MediaFoundation: 216162199b28c13a410421893ffa2e32 -> 
  custom:container-demuxer-ogg: 62fdf1f143b41e24485cea50d1cbac27 -> 
  custom:video-decoder-webm-vp8: 9c59270c3fd7afecdb556c50c9e8de78 -> 
  custom:audio-decoder-ogg-vorbis: bf7c407c2cedff20999df2af8eb42d56 -> 
========================================================================
Received Prepare
Registering precompiled user dll's ...
Registered in 0.008556 seconds.
Begin MonoManager ReloadAssembly
Symbol file LoadedFromMemory doesn't match image C:\Users\조성택\Documents\GitHub\Watch-out-for-the-car\Watch-out-for-the-car\Library\PackageCache\com.unity.visualscripting@1.7.8\Editor\VisualScripting.Core\Dependencies\YamlDotNet\Unity.VisualScripting.YamlDotNet.dll
Symbol file LoadedFromMemory doesn't match image C:\Users\조성택\Documents\GitHub\Watch-out-for-the-car\Watch-out-for-the-car\Library\PackageCache\com.unity.visualscripting@1.7.8\Editor\VisualScripting.Core\Dependencies\DotNetZip\Unity.VisualScripting.IonicZip.dll
Native extension for WindowsStandalone target not found
Native extension for WebGL target not found
Refreshing native plugins compatible for Editor in 1.01 ms, found 3 plugins.
Preloading 0 native plugins for Editor in 0.00 ms.
Mono: successfully reloaded assembly
- Completed reload, in  1.104 seconds
Domain Reload Profiling:
	ReloadAssembly (1105ms)
		BeginReloadAssembly (160ms)
			ExecutionOrderSort (0ms)
			DisableScriptedObjects (5ms)
			BackupInstance (0ms)
			ReleaseScriptingObjects (0ms)
			CreateAndSetChildDomain (37ms)
		EndReloadAssembly (824ms)
			LoadAssemblies (118ms)
			RebuildTransferFunctionScriptingTraits (0ms)
			SetupTypeCache (273ms)
			ReleaseScriptCaches (2ms)
			RebuildScriptCaches (42ms)
			SetupLoadedEditorAssemblies (354ms)
				LogAssemblyErrors (0ms)
				InitializePlatformSupportModulesInManaged (16ms)
				SetLoadedEditorAssemblies (0ms)
				RefreshPlugins (1ms)
				BeforeProcessingInitializeOnLoad (87ms)
				ProcessInitializeOnLoadAttributes (206ms)
				ProcessInitializeOnLoadMethodAttributes (28ms)
				AfterProcessingInitializeOnLoad (14ms)
				EditorAssembliesLoaded (0ms)
			ExecutionOrderSort2 (0ms)
			AwakeInstancesAfterBackupRestoration (11ms)
Platform modules already initialized, skipping
Refreshing native plugins compatible for Editor in 3.18 ms, found 3 plugins.
Preloading 0 native plugins for Editor in 0.00 ms.
Unloading 3376 Unused Serialized files (Serialized files now loaded: 0)
Unloading 20 unused Assets / (81.6 KB). Loaded Objects now: 3913.
Memory consumption went from 136.4 MB to 136.3 MB.
Total: 3.307600 ms (FindLiveObjects: 0.472700 ms CreateObjectMapping: 0.087900 ms MarkObjects: 2.627700 ms  DeleteObjects: 0.117700 ms)

AssetImportParameters requested are different than current active one (requested -> active):
  custom:video-decoder-ogg-theora: a1e56fd34408186e4bbccfd4996cb3dc -> 
  custom:container-muxer-webm: aa71ff27fc2769a1b78a27578f13a17b -> 
  custom:container-demuxer-webm: 4f35f7cbe854078d1ac9338744f61a02 -> 
  custom:video-encoder-webm-vp8: eb34c28f22e8b96e1ab97ce403110664 -> 
  custom:audio-encoder-webm-vorbis: bf7c407c2cedff20999df2af8eb42d56 -> 
  custom:framework-win-MediaFoundation: 216162199b28c13a410421893ffa2e32 -> 
  custom:container-demuxer-ogg: 62fdf1f143b41e24485cea50d1cbac27 -> 
  custom:video-decoder-webm-vp8: 9c59270c3fd7afecdb556c50c9e8de78 -> 
  custom:audio-decoder-ogg-vorbis: bf7c407c2cedff20999df2af8eb42d56 -> 
========================================================================
Received Prepare
Registering precompiled user dll's ...
Registered in 0.080356 seconds.
Begin MonoManager ReloadAssembly
Symbol file LoadedFromMemory doesn't match image C:\Users\조성택\Documents\GitHub\Watch-out-for-the-car\Watch-out-for-the-car\Library\PackageCache\com.unity.visualscripting@1.7.8\Editor\VisualScripting.Core\Dependencies\YamlDotNet\Unity.VisualScripting.YamlDotNet.dll
Symbol file LoadedFromMemory doesn't match image C:\Users\조성택\Documents\GitHub\Watch-out-for-the-car\Watch-out-for-the-car\Library\PackageCache\com.unity.visualscripting@1.7.8\Editor\VisualScripting.Core\Dependencies\DotNetZip\Unity.VisualScripting.IonicZip.dll
Native extension for WindowsStandalone target not found
Native extension for WebGL target not found
Refreshing native plugins compatible for Editor in 1.31 ms, found 3 plugins.
Preloading 0 native plugins for Editor in 0.00 ms.
Mono: successfully reloaded assembly
- Completed reload, in  1.077 seconds
Domain Reload Profiling:
	ReloadAssembly (1078ms)
		BeginReloadAssembly (144ms)
			ExecutionOrderSort (0ms)
			DisableScriptedObjects (6ms)
			BackupInstance (0ms)
			ReleaseScriptingObjects (0ms)
			CreateAndSetChildDomain (34ms)
		EndReloadAssembly (815ms)
			LoadAssemblies (106ms)
			RebuildTransferFunctionScriptingTraits (0ms)
			SetupTypeCache (270ms)
			ReleaseScriptCaches (1ms)
			RebuildScriptCaches (40ms)
			SetupLoadedEditorAssemblies (353ms)
				LogAssemblyErrors (0ms)
				InitializePlatformSupportModulesInManaged (17ms)
				SetLoadedEditorAssemblies (0ms)
				RefreshPlugins (1ms)
				BeforeProcessingInitializeOnLoad (86ms)
				ProcessInitializeOnLoadAttributes (205ms)
				ProcessInitializeOnLoadMethodAttributes (28ms)
				AfterProcessingInitializeOnLoad (15ms)
				EditorAssembliesLoaded (0ms)
			ExecutionOrderSort2 (0ms)
			AwakeInstancesAfterBackupRestoration (12ms)
Platform modules already initialized, skipping
Refreshing native plugins compatible for Editor in 2.37 ms, found 3 plugins.
Preloading 0 native plugins for Editor in 0.00 ms.
Unloading 3376 Unused Serialized files (Serialized files now loaded: 0)
Unloading 20 unused Assets / (81.5 KB). Loaded Objects now: 3916.
Memory consumption went from 136.4 MB to 136.3 MB.
Total: 9.156400 ms (FindLiveObjects: 0.386100 ms CreateObjectMapping: 0.093400 ms MarkObjects: 8.509600 ms  DeleteObjects: 0.165500 ms)

AssetImportParameters requested are different than current active one (requested -> active):
  custom:video-decoder-ogg-theora: a1e56fd34408186e4bbccfd4996cb3dc -> 
  custom:container-muxer-webm: aa71ff27fc2769a1b78a27578f13a17b -> 
  custom:container-demuxer-webm: 4f35f7cbe854078d1ac9338744f61a02 -> 
  custom:video-encoder-webm-vp8: eb34c28f22e8b96e1ab97ce403110664 -> 
  custom:audio-encoder-webm-vorbis: bf7c407c2cedff20999df2af8eb42d56 -> 
  custom:framework-win-MediaFoundation: 216162199b28c13a410421893ffa2e32 -> 
  custom:container-demuxer-ogg: 62fdf1f143b41e24485cea50d1cbac27 -> 
  custom:video-decoder-webm-vp8: 9c59270c3fd7afecdb556c50c9e8de78 -> 
  custom:audio-decoder-ogg-vorbis: bf7c407c2cedff20999df2af8eb42d56 -> 
========================================================================
Received Prepare
Registering precompiled user dll's ...
Registered in 0.008669 seconds.
Begin MonoManager ReloadAssembly
Symbol file LoadedFromMemory doesn't match image C:\Users\조성택\Documents\GitHub\Watch-out-for-the-car\Watch-out-for-the-car\Library\PackageCache\com.unity.visualscripting@1.7.8\Editor\VisualScripting.Core\Dependencies\YamlDotNet\Unity.VisualScripting.YamlDotNet.dll
Symbol file LoadedFromMemory doesn't match image C:\Users\조성택\Documents\GitHub\Watch-out-for-the-car\Watch-out-for-the-car\Library\PackageCache\com.unity.visualscripting@1.7.8\Editor\VisualScripting.Core\Dependencies\DotNetZip\Unity.VisualScripting.IonicZip.dll
Native extension for WindowsStandalone target not found
Native extension for WebGL target not found
Refreshing native plugins compatible for Editor in 0.80 ms, found 3 plugins.
Preloading 0 native plugins for Editor in 0.00 ms.
Mono: successfully reloaded assembly
- Completed reload, in  1.114 seconds
Domain Reload Profiling:
	ReloadAssembly (1114ms)
		BeginReloadAssembly (144ms)
			ExecutionOrderSort (0ms)
			DisableScriptedObjects (5ms)
			BackupInstance (0ms)
			ReleaseScriptingObjects (0ms)
			CreateAndSetChildDomain (34ms)
		EndReloadAssembly (858ms)
			LoadAssemblies (105ms)
			RebuildTransferFunctionScriptingTraits (0ms)
			SetupTypeCache (274ms)
			ReleaseScriptCaches (2ms)
			RebuildScriptCaches (42ms)
			SetupLoadedEditorAssemblies (385ms)
				LogAssemblyErrors (0ms)
				InitializePlatformSupportModulesInManaged (20ms)
				SetLoadedEditorAssemblies (0ms)
				RefreshPlugins (1ms)
				BeforeProcessingInitializeOnLoad (84ms)
				ProcessInitializeOnLoadAttributes (223ms)
				ProcessInitializeOnLoadMethodAttributes (41ms)
				AfterProcessingInitializeOnLoad (15ms)
				EditorAssembliesLoaded (0ms)
			ExecutionOrderSort2 (0ms)
			AwakeInstancesAfterBackupRestoration (12ms)
Platform modules already initialized, skipping
Refreshing native plugins compatible for Editor in 2.72 ms, found 3 plugins.
Preloading 0 native plugins for Editor in 0.00 ms.
Unloading 3376 Unused Serialized files (Serialized files now loaded: 0)
Unloading 20 unused Assets / (81.4 KB). Loaded Objects now: 3919.
Memory consumption went from 136.4 MB to 136.3 MB.
Total: 3.106200 ms (FindLiveObjects: 0.409700 ms CreateObjectMapping: 0.089100 ms MarkObjects: 2.482400 ms  DeleteObjects: 0.123600 ms)

AssetImportParameters requested are different than current active one (requested -> active):
  custom:video-decoder-ogg-theora: a1e56fd34408186e4bbccfd4996cb3dc -> 
  custom:container-muxer-webm: aa71ff27fc2769a1b78a27578f13a17b -> 
  custom:container-demuxer-webm: 4f35f7cbe854078d1ac9338744f61a02 -> 
  custom:video-encoder-webm-vp8: eb34c28f22e8b96e1ab97ce403110664 -> 
  custom:audio-encoder-webm-vorbis: bf7c407c2cedff20999df2af8eb42d56 -> 
  custom:framework-win-MediaFoundation: 216162199b28c13a410421893ffa2e32 -> 
  custom:container-demuxer-ogg: 62fdf1f143b41e24485cea50d1cbac27 -> 
  custom:video-decoder-webm-vp8: 9c59270c3fd7afecdb556c50c9e8de78 -> 
  custom:audio-decoder-ogg-vorbis: bf7c407c2cedff20999df2af8eb42d56 -> 
========================================================================
Received Prepare
Registering precompiled user dll's ...
Registered in 0.008153 seconds.
Begin MonoManager ReloadAssembly
Symbol file LoadedFromMemory doesn't match image C:\Users\조성택\Documents\GitHub\Watch-out-for-the-car\Watch-out-for-the-car\Library\PackageCache\com.unity.visualscripting@1.7.8\Editor\VisualScripting.Core\Dependencies\YamlDotNet\Unity.VisualScripting.YamlDotNet.dll
Symbol file LoadedFromMemory doesn't match image C:\Users\조성택\Documents\GitHub\Watch-out-for-the-car\Watch-out-for-the-car\Library\PackageCache\com.unity.visualscripting@1.7.8\Editor\VisualScripting.Core\Dependencies\DotNetZip\Unity.VisualScripting.IonicZip.dll
Native extension for WindowsStandalone target not found
Native extension for WebGL target not found
Refreshing native plugins compatible for Editor in 0.79 ms, found 3 plugins.
Preloading 0 native plugins for Editor in 0.00 ms.
Mono: successfully reloaded assembly
- Completed reload, in  1.076 seconds
Domain Reload Profiling:
	ReloadAssembly (1076ms)
		BeginReloadAssembly (153ms)
			ExecutionOrderSort (0ms)
			DisableScriptedObjects (5ms)
			BackupInstance (0ms)
			ReleaseScriptingObjects (0ms)
			CreateAndSetChildDomain (37ms)
		EndReloadAssembly (805ms)
			LoadAssemblies (112ms)
			RebuildTransferFunctionScriptingTraits (0ms)
			SetupTypeCache (273ms)
			ReleaseScriptCaches (2ms)
			RebuildScriptCaches (42ms)
			SetupLoadedEditorAssemblies (336ms)
				LogAssemblyErrors (0ms)
				InitializePlatformSupportModulesInManaged (19ms)
				SetLoadedEditorAssemblies (0ms)
				RefreshPlugins (1ms)
				BeforeProcessingInitializeOnLoad (80ms)
				ProcessInitializeOnLoadAttributes (194ms)
				ProcessInitializeOnLoadMethodAttributes (28ms)
				AfterProcessingInitializeOnLoad (14ms)
				EditorAssembliesLoaded (0ms)
			ExecutionOrderSort2 (0ms)
			AwakeInstancesAfterBackupRestoration (10ms)
Platform modules already initialized, skipping
Refreshing native plugins compatible for Editor in 2.71 ms, found 3 plugins.
Preloading 0 native plugins for Editor in 0.00 ms.
Unloading 3376 Unused Serialized files (Serialized files now loaded: 0)
Unloading 20 unused Assets / (81.5 KB). Loaded Objects now: 3922.
Memory consumption went from 136.4 MB to 136.4 MB.
Total: 3.365700 ms (FindLiveObjects: 0.403400 ms CreateObjectMapping: 0.089700 ms MarkObjects: 2.751500 ms  DeleteObjects: 0.120000 ms)

AssetImportParameters requested are different than current active one (requested -> active):
  custom:video-decoder-ogg-theora: a1e56fd34408186e4bbccfd4996cb3dc -> 
  custom:container-muxer-webm: aa71ff27fc2769a1b78a27578f13a17b -> 
  custom:container-demuxer-webm: 4f35f7cbe854078d1ac9338744f61a02 -> 
  custom:video-encoder-webm-vp8: eb34c28f22e8b96e1ab97ce403110664 -> 
  custom:audio-encoder-webm-vorbis: bf7c407c2cedff20999df2af8eb42d56 -> 
  custom:framework-win-MediaFoundation: 216162199b28c13a410421893ffa2e32 -> 
  custom:container-demuxer-ogg: 62fdf1f143b41e24485cea50d1cbac27 -> 
  custom:video-decoder-webm-vp8: 9c59270c3fd7afecdb556c50c9e8de78 -> 
  custom:audio-decoder-ogg-vorbis: bf7c407c2cedff20999df2af8eb42d56 -> 
========================================================================
Received Prepare
Registering precompiled user dll's ...
Registered in 0.008723 seconds.
Begin MonoManager ReloadAssembly
Symbol file LoadedFromMemory doesn't match image C:\Users\조성택\Documents\GitHub\Watch-out-for-the-car\Watch-out-for-the-car\Library\PackageCache\com.unity.visualscripting@1.7.8\Editor\VisualScripting.Core\Dependencies\YamlDotNet\Unity.VisualScripting.YamlDotNet.dll
Symbol file LoadedFromMemory doesn't match image C:\Users\조성택\Documents\GitHub\Watch-out-for-the-car\Watch-out-for-the-car\Library\PackageCache\com.unity.visualscripting@1.7.8\Editor\VisualScripting.Core\Dependencies\DotNetZip\Unity.VisualScripting.IonicZip.dll
Native extension for WindowsStandalone target not found
Native extension for WebGL target not found
Refreshing native plugins compatible for Editor in 0.86 ms, found 3 plugins.
Preloading 0 native plugins for Editor in 0.00 ms.
Mono: successfully reloaded assembly
- Completed reload, in  1.068 seconds
Domain Reload Profiling:
	ReloadAssembly (1068ms)
		BeginReloadAssembly (147ms)
			ExecutionOrderSort (0ms)
			DisableScriptedObjects (5ms)
			BackupInstance (0ms)
			ReleaseScriptingObjects (0ms)
			CreateAndSetChildDomain (35ms)
		EndReloadAssembly (809ms)
			LoadAssemblies (107ms)
			RebuildTransferFunctionScriptingTraits (0ms)
			SetupTypeCache (269ms)
			ReleaseScriptCaches (2ms)
			RebuildScriptCaches (41ms)
			SetupLoadedEditorAssemblies (345ms)
				LogAssemblyErrors (0ms)
				InitializePlatformSupportModulesInManaged (17ms)
				SetLoadedEditorAssemblies (0ms)
				RefreshPlugins (1ms)
				BeforeProcessingInitializeOnLoad (81ms)
				ProcessInitializeOnLoadAttributes (203ms)
				ProcessInitializeOnLoadMethodAttributes (29ms)
				AfterProcessingInitializeOnLoad (13ms)
				EditorAssembliesLoaded (0ms)
			ExecutionOrderSort2 (0ms)
			AwakeInstancesAfterBackupRestoration (12ms)
Platform modules already initialized, skipping
Refreshing native plugins compatible for Editor in 3.25 ms, found 3 plugins.
Preloading 0 native plugins for Editor in 0.00 ms.
Unloading 3376 Unused Serialized files (Serialized files now loaded: 0)
Unloading 20 unused Assets / (81.4 KB). Loaded Objects now: 3925.
Memory consumption went from 136.4 MB to 136.4 MB.
Total: 3.186100 ms (FindLiveObjects: 0.363100 ms CreateObjectMapping: 0.084400 ms MarkObjects: 2.605300 ms  DeleteObjects: 0.131600 ms)

AssetImportParameters requested are different than current active one (requested -> active):
  custom:video-decoder-ogg-theora: a1e56fd34408186e4bbccfd4996cb3dc -> 
  custom:container-muxer-webm: aa71ff27fc2769a1b78a27578f13a17b -> 
  custom:container-demuxer-webm: 4f35f7cbe854078d1ac9338744f61a02 -> 
  custom:video-encoder-webm-vp8: eb34c28f22e8b96e1ab97ce403110664 -> 
  custom:audio-encoder-webm-vorbis: bf7c407c2cedff20999df2af8eb42d56 -> 
  custom:framework-win-MediaFoundation: 216162199b28c13a410421893ffa2e32 -> 
  custom:container-demuxer-ogg: 62fdf1f143b41e24485cea50d1cbac27 -> 
  custom:video-decoder-webm-vp8: 9c59270c3fd7afecdb556c50c9e8de78 -> 
  custom:audio-decoder-ogg-vorbis: bf7c407c2cedff20999df2af8eb42d56 -> 
========================================================================
Received Prepare
Registering precompiled user dll's ...
Registered in 0.008117 seconds.
Begin MonoManager ReloadAssembly
Symbol file LoadedFromMemory doesn't match image C:\Users\조성택\Documents\GitHub\Watch-out-for-the-car\Watch-out-for-the-car\Library\PackageCache\com.unity.visualscripting@1.7.8\Editor\VisualScripting.Core\Dependencies\YamlDotNet\Unity.VisualScripting.YamlDotNet.dll
Symbol file LoadedFromMemory doesn't match image C:\Users\조성택\Documents\GitHub\Watch-out-for-the-car\Watch-out-for-the-car\Library\PackageCache\com.unity.visualscripting@1.7.8\Editor\VisualScripting.Core\Dependencies\DotNetZip\Unity.VisualScripting.IonicZip.dll
Native extension for WindowsStandalone target not found
Native extension for WebGL target not found
Refreshing native plugins compatible for Editor in 0.86 ms, found 3 plugins.
Preloading 0 native plugins for Editor in 0.00 ms.
Mono: successfully reloaded assembly
- Completed reload, in  1.079 seconds
Domain Reload Profiling:
	ReloadAssembly (1080ms)
		BeginReloadAssembly (146ms)
			ExecutionOrderSort (0ms)
			DisableScriptedObjects (6ms)
			BackupInstance (0ms)
			ReleaseScriptingObjects (0ms)
			CreateAndSetChildDomain (36ms)
		EndReloadAssembly (818ms)
			LoadAssemblies (106ms)
			RebuildTransferFunctionScriptingTraits (0ms)
			SetupTypeCache (269ms)
			ReleaseScriptCaches (2ms)
			RebuildScriptCaches (40ms)
			SetupLoadedEditorAssemblies (354ms)
				LogAssemblyErrors (0ms)
				InitializePlatformSupportModulesInManaged (17ms)
				SetLoadedEditorAssemblies (1ms)
				RefreshPlugins (1ms)
				BeforeProcessingInitializeOnLoad (82ms)
				ProcessInitializeOnLoadAttributes (211ms)
				ProcessInitializeOnLoadMethodAttributes (28ms)
				AfterProcessingInitializeOnLoad (14ms)
				EditorAssembliesLoaded (0ms)
			ExecutionOrderSort2 (0ms)
			AwakeInstancesAfterBackupRestoration (12ms)
Platform modules already initialized, skipping
Refreshing native plugins compatible for Editor in 3.11 ms, found 3 plugins.
Preloading 0 native plugins for Editor in 0.00 ms.
Unloading 3376 Unused Serialized files (Serialized files now loaded: 0)
Unloading 20 unused Assets / (81.5 KB). Loaded Objects now: 3928.
Memory consumption went from 136.4 MB to 136.4 MB.
Total: 3.283300 ms (FindLiveObjects: 0.430300 ms CreateObjectMapping: 0.116900 ms MarkObjects: 2.617700 ms  DeleteObjects: 0.117400 ms)

AssetImportParameters requested are different than current active one (requested -> active):
  custom:video-decoder-ogg-theora: a1e56fd34408186e4bbccfd4996cb3dc -> 
  custom:container-muxer-webm: aa71ff27fc2769a1b78a27578f13a17b -> 
  custom:container-demuxer-webm: 4f35f7cbe854078d1ac9338744f61a02 -> 
  custom:video-encoder-webm-vp8: eb34c28f22e8b96e1ab97ce403110664 -> 
  custom:audio-encoder-webm-vorbis: bf7c407c2cedff20999df2af8eb42d56 -> 
  custom:framework-win-MediaFoundation: 216162199b28c13a410421893ffa2e32 -> 
  custom:container-demuxer-ogg: 62fdf1f143b41e24485cea50d1cbac27 -> 
  custom:video-decoder-webm-vp8: 9c59270c3fd7afecdb556c50c9e8de78 -> 
  custom:audio-decoder-ogg-vorbis: bf7c407c2cedff20999df2af8eb42d56 -> 
========================================================================
Received Prepare
Registering precompiled user dll's ...
Registered in 0.009351 seconds.
Begin MonoManager ReloadAssembly
Symbol file LoadedFromMemory doesn't match image C:\Users\조성택\Documents\GitHub\Watch-out-for-the-car\Watch-out-for-the-car\Library\PackageCache\com.unity.visualscripting@1.7.8\Editor\VisualScripting.Core\Dependencies\YamlDotNet\Unity.VisualScripting.YamlDotNet.dll
Symbol file LoadedFromMemory doesn't match image C:\Users\조성택\Documents\GitHub\Watch-out-for-the-car\Watch-out-for-the-car\Library\PackageCache\com.unity.visualscripting@1.7.8\Editor\VisualScripting.Core\Dependencies\DotNetZip\Unity.VisualScripting.IonicZip.dll
Native extension for WindowsStandalone target not found
Native extension for WebGL target not found
Refreshing native plugins compatible for Editor in 1.07 ms, found 3 plugins.
Preloading 0 native plugins for Editor in 0.00 ms.
Mono: successfully reloaded assembly
- Completed reload, in  1.089 seconds
Domain Reload Profiling:
	ReloadAssembly (1089ms)
		BeginReloadAssembly (151ms)
			ExecutionOrderSort (0ms)
			DisableScriptedObjects (5ms)
			BackupInstance (0ms)
			ReleaseScriptingObjects (0ms)
			CreateAndSetChildDomain (37ms)
		EndReloadAssembly (832ms)
			LoadAssemblies (108ms)
			RebuildTransferFunctionScriptingTraits (0ms)
			SetupTypeCache (276ms)
			ReleaseScriptCaches (2ms)
			RebuildScriptCaches (42ms)
			SetupLoadedEditorAssemblies (360ms)
				LogAssemblyErrors (0ms)
				InitializePlatformSupportModulesInManaged (18ms)
				SetLoadedEditorAssemblies (1ms)
				RefreshPlugins (1ms)
				BeforeProcessingInitializeOnLoad (84ms)
				ProcessInitializeOnLoadAttributes (213ms)
				ProcessInitializeOnLoadMethodAttributes (30ms)
				AfterProcessingInitializeOnLoad (14ms)
				EditorAssembliesLoaded (0ms)
			ExecutionOrderSort2 (0ms)
			AwakeInstancesAfterBackupRestoration (12ms)
Platform modules already initialized, skipping
Refreshing native plugins compatible for Editor in 2.63 ms, found 3 plugins.
Preloading 0 native plugins for Editor in 0.00 ms.
Unloading 3376 Unused Serialized files (Serialized files now loaded: 0)
Unloading 20 unused Assets / (81.5 KB). Loaded Objects now: 3931.
Memory consumption went from 136.5 MB to 136.4 MB.
Total: 3.115700 ms (FindLiveObjects: 0.430700 ms CreateObjectMapping: 0.110300 ms MarkObjects: 2.467600 ms  DeleteObjects: 0.105800 ms)

AssetImportParameters requested are different than current active one (requested -> active):
  custom:video-decoder-ogg-theora: a1e56fd34408186e4bbccfd4996cb3dc -> 
  custom:container-muxer-webm: aa71ff27fc2769a1b78a27578f13a17b -> 
  custom:container-demuxer-webm: 4f35f7cbe854078d1ac9338744f61a02 -> 
  custom:video-encoder-webm-vp8: eb34c28f22e8b96e1ab97ce403110664 -> 
  custom:audio-encoder-webm-vorbis: bf7c407c2cedff20999df2af8eb42d56 -> 
  custom:framework-win-MediaFoundation: 216162199b28c13a410421893ffa2e32 -> 
  custom:container-demuxer-ogg: 62fdf1f143b41e24485cea50d1cbac27 -> 
  custom:video-decoder-webm-vp8: 9c59270c3fd7afecdb556c50c9e8de78 -> 
  custom:audio-decoder-ogg-vorbis: bf7c407c2cedff20999df2af8eb42d56 -> 
========================================================================
Received Prepare
Registering precompiled user dll's ...
Registered in 0.009037 seconds.
Begin MonoManager ReloadAssembly
Symbol file LoadedFromMemory doesn't match image C:\Users\조성택\Documents\GitHub\Watch-out-for-the-car\Watch-out-for-the-car\Library\PackageCache\com.unity.visualscripting@1.7.8\Editor\VisualScripting.Core\Dependencies\YamlDotNet\Unity.VisualScripting.YamlDotNet.dll
Symbol file LoadedFromMemory doesn't match image C:\Users\조성택\Documents\GitHub\Watch-out-for-the-car\Watch-out-for-the-car\Library\PackageCache\com.unity.visualscripting@1.7.8\Editor\VisualScripting.Core\Dependencies\DotNetZip\Unity.VisualScripting.IonicZip.dll
Native extension for WindowsStandalone target not found
Native extension for WebGL target not found
Refreshing native plugins compatible for Editor in 0.75 ms, found 3 plugins.
Preloading 0 native plugins for Editor in 0.00 ms.
Mono: successfully reloaded assembly
- Completed reload, in  1.120 seconds
Domain Reload Profiling:
	ReloadAssembly (1120ms)
		BeginReloadAssembly (157ms)
			ExecutionOrderSort (0ms)
			DisableScriptedObjects (6ms)
			BackupInstance (0ms)
			ReleaseScriptingObjects (0ms)
			CreateAndSetChildDomain (37ms)
		EndReloadAssembly (840ms)
			LoadAssemblies (114ms)
			RebuildTransferFunctionScriptingTraits (0ms)
			SetupTypeCache (272ms)
			ReleaseScriptCaches (1ms)
			RebuildScriptCaches (43ms)
			SetupLoadedEditorAssemblies (372ms)
				LogAssemblyErrors (0ms)
				InitializePlatformSupportModulesInManaged (18ms)
				SetLoadedEditorAssemblies (0ms)
				RefreshPlugins (1ms)
				BeforeProcessingInitializeOnLoad (86ms)
				ProcessInitializeOnLoadAttributes (223ms)
				ProcessInitializeOnLoadMethodAttributes (30ms)
				AfterProcessingInitializeOnLoad (14ms)
				EditorAssembliesLoaded (0ms)
			ExecutionOrderSort2 (0ms)
			AwakeInstancesAfterBackupRestoration (12ms)
Platform modules already initialized, skipping
Refreshing native plugins compatible for Editor in 2.51 ms, found 3 plugins.
Preloading 0 native plugins for Editor in 0.00 ms.
Unloading 3376 Unused Serialized files (Serialized files now loaded: 0)
Unloading 20 unused Assets / (81.5 KB). Loaded Objects now: 3934.
Memory consumption went from 136.5 MB to 136.4 MB.
Total: 3.668100 ms (FindLiveObjects: 0.597800 ms CreateObjectMapping: 0.087600 ms MarkObjects: 2.769200 ms  DeleteObjects: 0.212200 ms)

AssetImportParameters requested are different than current active one (requested -> active):
  custom:video-decoder-ogg-theora: a1e56fd34408186e4bbccfd4996cb3dc -> 
  custom:container-muxer-webm: aa71ff27fc2769a1b78a27578f13a17b -> 
  custom:container-demuxer-webm: 4f35f7cbe854078d1ac9338744f61a02 -> 
  custom:video-encoder-webm-vp8: eb34c28f22e8b96e1ab97ce403110664 -> 
  custom:audio-encoder-webm-vorbis: bf7c407c2cedff20999df2af8eb42d56 -> 
  custom:framework-win-MediaFoundation: 216162199b28c13a410421893ffa2e32 -> 
  custom:container-demuxer-ogg: 62fdf1f143b41e24485cea50d1cbac27 -> 
  custom:video-decoder-webm-vp8: 9c59270c3fd7afecdb556c50c9e8de78 -> 
  custom:audio-decoder-ogg-vorbis: bf7c407c2cedff20999df2af8eb42d56 -> 
